Using pre-set license
Built from '2021.3/staging' branch; Version is '2021.3.19f1 (c9714fde33b6) revision 13201743'; Using compiler version '192829333'; Build Type 'Release'
OS: 'Windows 11  (10.0.22000) 64bit Core' Language: 'fr' Physical Memory: 31940 MB
BatchMode: 1, IsHumanControllingUs: 0, StartBugReporterOnCrash: 0, Is64bit: 1, IsPro: 1

COMMAND LINE ARGUMENTS:
C:\Program Files\Unity\Hub\Editor\2021.3.19f1\Editor\Unity.exe
-adb2
-batchMode
-noUpm
-name
AssetImportWorker5
-projectPath
C:/Users/nicov/Nicolas-Vial-internship-Autonomyo/AutonomyoProject
-logFile
Logs/AssetImportWorker5.log
-srvPort
54096
Successfully changed project path to: C:/Users/nicov/Nicolas-Vial-internship-Autonomyo/AutonomyoProject
C:/Users/nicov/Nicolas-Vial-internship-Autonomyo/AutonomyoProject
[UnityMemory] Configuration Parameters - Can be set up in boot.config
    "memorysetup-bucket-allocator-granularity=16"
    "memorysetup-bucket-allocator-bucket-count=8"
    "memorysetup-bucket-allocator-block-size=33554432"
    "memorysetup-bucket-allocator-block-count=8"
    "memorysetup-main-allocator-block-size=16777216"
    "memorysetup-thread-allocator-block-size=16777216"
    "memorysetup-gfx-main-allocator-block-size=16777216"
    "memorysetup-gfx-thread-allocator-block-size=16777216"
    "memorysetup-cache-allocator-block-size=4194304"
    "memorysetup-typetree-allocator-block-size=2097152"
    "memorysetup-profiler-bucket-allocator-granularity=16"
    "memorysetup-profiler-bucket-allocator-bucket-count=8"
    "memorysetup-profiler-bucket-allocator-block-size=33554432"
    "memorysetup-profiler-bucket-allocator-block-count=8"
    "memorysetup-profiler-allocator-block-size=16777216"
    "memorysetup-profiler-editor-allocator-block-size=1048576"
    "memorysetup-temp-allocator-size-main=16777216"
    "memorysetup-job-temp-allocator-block-size=2097152"
    "memorysetup-job-temp-allocator-block-size-background=1048576"
    "memorysetup-job-temp-allocator-reduction-small-platforms=262144"
    "memorysetup-temp-allocator-size-background-worker=32768"
    "memorysetup-temp-allocator-size-job-worker=262144"
    "memorysetup-temp-allocator-size-preload-manager=33554432"
    "memorysetup-temp-allocator-size-nav-mesh-worker=65536"
    "memorysetup-temp-allocator-size-audio-worker=65536"
    "memorysetup-temp-allocator-size-cloud-worker=32768"
    "memorysetup-temp-allocator-size-gi-baking-worker=262144"
    "memorysetup-temp-allocator-size-gfx=262144"
Player connection [56588] Host "[IP] 172.27.144.1 [Port] 0 [Flags] 2 [Guid] 4161671785 [EditorId] 4161671785 [Version] 1048832 [Id] WindowsEditor(7,NiwikyLaptop) [Debug] 1 [PackageName] WindowsEditor [ProjectName] Editor" joined multi-casting on [225.0.0.222:54997]...

Player connection [56588] Host "[IP] 172.27.144.1 [Port] 0 [Flags] 2 [Guid] 4161671785 [EditorId] 4161671785 [Version] 1048832 [Id] WindowsEditor(7,NiwikyLaptop) [Debug] 1 [PackageName] WindowsEditor [ProjectName] Editor" joined alternative multi-casting on [225.0.0.222:34997]...

Refreshing native plugins compatible for Editor in 200.33 ms, found 17 plugins.
Preloading 1 native plugins for Editor in 2.17 ms.
Initialize engine version: 2021.3.19f1 (c9714fde33b6)
[Subsystems] Discovering subsystems at path C:/Program Files/Unity/Hub/Editor/2021.3.19f1/Editor/Data/Resources/UnitySubsystems
[Subsystems] Discovering subsystems at path C:/Users/nicov/Nicolas-Vial-internship-Autonomyo/AutonomyoProject/Assets
[Subsystems] No descriptors matched for  examples in Assets/MeshingFeaturePlugin/UnitySubsystemsManifest.json.
[Subsystems] No descriptors matched for  inputs in Assets/MeshingFeaturePlugin/UnitySubsystemsManifest.json.
[Subsystems] No descriptors matched for  displays in Assets/MeshingFeaturePlugin/UnitySubsystemsManifest.json.
[Subsystems] 1 'meshings' descriptors matched in Assets/MeshingFeaturePlugin/UnitySubsystemsManifest.json
GfxDevice: creating device client; threaded=0; jobified=0
Direct3D:
    Version:  Direct3D 11.0 [level 11.1]
    Renderer: NVIDIA GeForce RTX 3060 Laptop GPU (ID=0x2560)
    Vendor:   NVIDIA
    VRAM:     6023 MB
    Driver:   30.0.15.1298
Shader 'Oculus/OVRMRCameraFrameLit': fallback shader 'Alpha-Diffuse' not found
Initialize mono
Mono path[0] = 'C:/Program Files/Unity/Hub/Editor/2021.3.19f1/Editor/Data/Managed'
Mono path[1] = 'C:/Program Files/Unity/Hub/Editor/2021.3.19f1/Editor/Data/MonoBleedingEdge/lib/mono/unityjit-win32'
Mono config path = 'C:/Program Files/Unity/Hub/Editor/2021.3.19f1/Editor/Data/MonoBleedingEdge/etc'
Using monoOptions --debugger-agent=transport=dt_socket,embedding=1,server=y,suspend=n,address=127.0.0.1:56344
Begin MonoManager ReloadAssembly
Registering precompiled unity dll's ...
Register platform support module: C:/Program Files/Unity/Hub/Editor/2021.3.19f1/Editor/Data/PlaybackEngines/WebGLSupport/UnityEditor.WebGL.Extensions.dll
Register platform support module: C:/Program Files/Unity/Hub/Editor/2021.3.19f1/Editor/Data/PlaybackEngines/MacStandaloneSupport/UnityEditor.OSXStandalone.Extensions.dll
Register platform support module: C:/Program Files/Unity/Hub/Editor/2021.3.19f1/Editor/Data/PlaybackEngines/AndroidPlayer/UnityEditor.Android.Extensions.dll
Register platform support module: C:/Program Files/Unity/Hub/Editor/2021.3.19f1/Editor/Data/PlaybackEngines/iOSSupport/UnityEditor.iOS.Extensions.dll
Register platform support module: C:/Program Files/Unity/Hub/Editor/2021.3.19f1/Editor/Data/PlaybackEngines/AppleTVSupport/UnityEditor.AppleTV.Extensions.dll
Register platform support module: C:/Program Files/Unity/Hub/Editor/2021.3.19f1/Editor/Data/PlaybackEngines/WindowsStandaloneSupport/UnityEditor.WindowsStandalone.Extensions.dll
Register platform support module: C:/Program Files/Unity/Hub/Editor/2021.3.19f1/Editor/Data/PlaybackEngines/LinuxStandaloneSupport/UnityEditor.LinuxStandalone.Extensions.dll
Register platform support module: C:/Program Files/Unity/Hub/Editor/2021.3.19f1/Editor/Data/PlaybackEngines/MetroSupport/UnityEditor.UWP.Extensions.dll
Registered in 0.011504 seconds.
Native extension for UWP target not found
Native extension for LinuxStandalone target not found
Native extension for WindowsStandalone target not found
[usbmuxd] Start listen thread
[usbmuxd] Listen thread started
Native extension for AppleTV target not found
[usbmuxd] Start listen thread
[usbmuxd] Listen thread started
Native extension for iOS target not found
Native extension for Android target not found
Android Extension - Scanning For ADB Devices 267 ms
Native extension for OSXStandalone target not found
Native extension for WebGL target not found
Refreshing native plugins compatible for Editor in 114.50 ms, found 17 plugins.
Preloading 1 native plugins for Editor in 0.06 ms.
Mono: successfully reloaded assembly
- Completed reload, in  0.920 seconds
Domain Reload Profiling:
	ReloadAssembly (920ms)
		BeginReloadAssembly (75ms)
			ExecutionOrderSort (0ms)
			DisableScriptedObjects (0ms)
			BackupInstance (0ms)
			ReleaseScriptingObjects (0ms)
			CreateAndSetChildDomain (1ms)
		EndReloadAssembly (746ms)
			LoadAssemblies (75ms)
			RebuildTransferFunctionScriptingTraits (0ms)
			SetupTypeCache (92ms)
			ReleaseScriptCaches (0ms)
			RebuildScriptCaches (21ms)
			SetupLoadedEditorAssemblies (580ms)
				LogAssemblyErrors (0ms)
				InitializePlatformSupportModulesInManaged (357ms)
				SetLoadedEditorAssemblies (0ms)
				RefreshPlugins (115ms)
				BeforeProcessingInitializeOnLoad (1ms)
				ProcessInitializeOnLoadAttributes (67ms)
				ProcessInitializeOnLoadMethodAttributes (40ms)
				AfterProcessingInitializeOnLoad (0ms)
				EditorAssembliesLoaded (0ms)
			ExecutionOrderSort2 (0ms)
			AwakeInstancesAfterBackupRestoration (0ms)
Platform modules already initialized, skipping
Registering precompiled user dll's ...
Registered in 0.014567 seconds.
Begin MonoManager ReloadAssembly
Symbol file LoadedFromMemory doesn't match image C:\Users\nicov\Nicolas-Vial-internship-Autonomyo\AutonomyoProject\Library\PackageCache\com.unity.visualscripting@1.8.0\Editor\VisualScripting.Core\Dependencies\DotNetZip\Unity.VisualScripting.IonicZip.dll
Symbol file LoadedFromMemory doesn't match image C:\Users\nicov\Nicolas-Vial-internship-Autonomyo\AutonomyoProject\Library\PackageCache\com.unity.visualscripting@1.8.0\Editor\VisualScripting.Core\Dependencies\YamlDotNet\Unity.VisualScripting.YamlDotNet.dll
OnLevelWasLoaded was found on WitService
This message has been deprecated and will be removed in a later version of Unity.
Add a delegate to SceneManager.sceneLoaded instead to get notifications after scene loading has completed
Native extension for UWP target not found
Native extension for LinuxStandalone target not found
Native extension for WindowsStandalone target not found
Native extension for AppleTV target not found
Native extension for iOS target not found
Native extension for Android target not found
Native extension for OSXStandalone target not found
Native extension for WebGL target not found
Refreshing native plugins compatible for Editor in 112.35 ms, found 17 plugins.
Preloading 1 native plugins for Editor in 0.09 ms.
Package Manager log level set to [2]
[XR] OculusXRPlugin: registering subsystems
[XR] Unable to register display lifecyle provider: [1]
[XR] Oculus Input lifecycle provider registered.
[XR] Unable to register input lifecyle provider: [1]
[XR] OVRP version 1.81.0
Mono: successfully reloaded assembly
- Completed reload, in  1.338 seconds
Domain Reload Profiling:
	ReloadAssembly (1338ms)
		BeginReloadAssembly (91ms)
			ExecutionOrderSort (0ms)
			DisableScriptedObjects (4ms)
			BackupInstance (0ms)
			ReleaseScriptingObjects (0ms)
			CreateAndSetChildDomain (19ms)
		EndReloadAssembly (1156ms)
			LoadAssemblies (104ms)
			RebuildTransferFunctionScriptingTraits (0ms)
			SetupTypeCache (255ms)
			ReleaseScriptCaches (2ms)
			RebuildScriptCaches (87ms)
			SetupLoadedEditorAssemblies (649ms)
				LogAssemblyErrors (0ms)
				InitializePlatformSupportModulesInManaged (28ms)
				SetLoadedEditorAssemblies (0ms)
				RefreshPlugins (113ms)
				BeforeProcessingInitializeOnLoad (109ms)
				ProcessInitializeOnLoadAttributes (367ms)
				ProcessInitializeOnLoadMethodAttributes (25ms)
				AfterProcessingInitializeOnLoad (7ms)
				EditorAssembliesLoaded (0ms)
			ExecutionOrderSort2 (0ms)
			AwakeInstancesAfterBackupRestoration (4ms)
Platform modules already initialized, skipping
========================================================================
Worker process is ready to serve import requests
Shader 'Oculus/OVRMRCameraFrameLit': fallback shader 'Alpha-Diffuse' not found
Launched and connected shader compiler UnityShaderCompiler.exe after 0.11 seconds
Refreshing native plugins compatible for Editor in 1.61 ms, found 17 plugins.
Preloading 1 native plugins for Editor in 0.06 ms.
Unloading 6562 Unused Serialized files (Serialized files now loaded: 0)
Unloading 93 unused Assets / (166.7 KB). Loaded Objects now: 6988.
Memory consumption went from 311.8 MB to 311.6 MB.
Total: 4.691100 ms (FindLiveObjects: 0.588400 ms CreateObjectMapping: 0.295000 ms MarkObjects: 3.587500 ms  DeleteObjects: 0.219000 ms)

AssetImportParameters requested are different than current active one (requested -> active):
  custom:video-decoder-ogg-theora: a1e56fd34408186e4bbccfd4996cb3dc -> 
  custom:container-muxer-webm: aa71ff27fc2769a1b78a27578f13a17b -> 
  custom:container-demuxer-webm: 4f35f7cbe854078d1ac9338744f61a02 -> 
  custom:video-encoder-webm-vp8: eb34c28f22e8b96e1ab97ce403110664 -> 
  custom:video-codec-MediaFoundation-h265: 746d11721c4dcdbdad8f713fa42b33f4 -> 
  custom:audio-encoder-webm-vorbis: bf7c407c2cedff20999df2af8eb42d56 -> 
  custom:framework-win-MediaFoundation: 216162199b28c13a410421893ffa2e32 -> 
  custom:container-demuxer-ogg: 62fdf1f143b41e24485cea50d1cbac27 -> 
  custom:video-decoder-webm-vp8: 9c59270c3fd7afecdb556c50c9e8de78 -> 
  custom:audio-decoder-ogg-vorbis: bf7c407c2cedff20999df2af8eb42d56 -> 
========================================================================
Received Import Request.
  Time since last request: 600167.675469 seconds.
  path: Assets/SunboxGames/Avatars/Textures/Acetate/Acetate_Brown_Diffuse.png
  artifactKey: Guid(8faa99adb89fce24d93ee12a01b0da07) Importer(815301076,1909f56bfc062723c751e8b465ee728b)
Start importing Assets/SunboxGames/Avatars/Textures/Acetate/Acetate_Brown_Diffuse.png using Guid(8faa99adb89fce24d93ee12a01b0da07) Importer(815301076,1909f56bfc062723c751e8b465ee728b)  -> (artifact id: '54c0a3529079de33f1df5394bebcc413') in 0.154028 seconds 
========================================================================
Received Import Request.
  Time since last request: 0.000033 seconds.
  path: Assets/Oculus/Interaction/Samples/Textures/Active.png
  artifactKey: Guid(dc71c444d9062474fb77b4171c1a4a03) Importer(815301076,1909f56bfc062723c751e8b465ee728b)
Start importing Assets/Oculus/Interaction/Samples/Textures/Active.png using Guid(dc71c444d9062474fb77b4171c1a4a03) Importer(815301076,1909f56bfc062723c751e8b465ee728b)  -> (artifact id: 'e218f95715f323802194f8457f823323') in 0.054475 seconds 
========================================================================
Received Import Request.
  Time since last request: 0.000031 seconds.
  path: Assets/SunboxGames/Avatars/Textures/Acetate/acetate_cloud_Metallic.png
  artifactKey: Guid(a1e3028d77159364b88745df7c913914) Importer(815301076,1909f56bfc062723c751e8b465ee728b)
Start importing Assets/SunboxGames/Avatars/Textures/Acetate/acetate_cloud_Metallic.png using Guid(a1e3028d77159364b88745df7c913914) Importer(815301076,1909f56bfc062723c751e8b465ee728b)  -> (artifact id: '14b7b27d79de1a9636bfbf5dd9d3f90d') in 0.030598 seconds 
========================================================================
Received Import Request.
  Time since last request: 2.446731 seconds.
  path: Assets/Oculus/Interaction/Samples/Objects/Props/Box/Textures/Box_Metal.png
  artifactKey: Guid(ac231cbd144b869419d40cc69d242b8b) Importer(815301076,1909f56bfc062723c751e8b465ee728b)
Start importing Assets/Oculus/Interaction/Samples/Objects/Props/Box/Textures/Box_Metal.png using Guid(ac231cbd144b869419d40cc69d242b8b) Importer(815301076,1909f56bfc062723c751e8b465ee728b)  -> (artifact id: 'e82f1107bb2d00faad4b9789e8a8ccd6') in 0.022807 seconds 
========================================================================
Received Import Request.
  Time since last request: 0.000019 seconds.
  path: Assets/Oculus/SampleFramework/Usage/Locomotion/Textures/metal_01_msm.tga
  artifactKey: Guid(1365d5b35d17d0a44beb3ab9fbf93580) Importer(815301076,1909f56bfc062723c751e8b465ee728b)
Start importing Assets/Oculus/SampleFramework/Usage/Locomotion/Textures/metal_01_msm.tga using Guid(1365d5b35d17d0a44beb3ab9fbf93580) Importer(815301076,1909f56bfc062723c751e8b465ee728b)  -> (artifact id: '7cc13b2ddea8618de33c13e000d25062') in 0.053090 seconds 
========================================================================
Received Import Request.
  Time since last request: 0.000024 seconds.
  path: Assets/Oculus/SampleFramework/Usage/Locomotion/Textures/metal_01_dif.png
  artifactKey: Guid(08a28c4fa99d2409cb6eafb5a7129889) Importer(815301076,1909f56bfc062723c751e8b465ee728b)
Start importing Assets/Oculus/SampleFramework/Usage/Locomotion/Textures/metal_01_dif.png using Guid(08a28c4fa99d2409cb6eafb5a7129889) Importer(815301076,1909f56bfc062723c751e8b465ee728b)  -> (artifact id: '65a41c32db6ef8cddc813a83df14855c') in 0.015096 seconds 
========================================================================
Received Import Request.
  Time since last request: 0.000030 seconds.
  path: Assets/Oculus/Interaction/Samples/Objects/Environment/Locomotion/Textures/LocomotionRoom/MetaLocomotionBalcony.png
  artifactKey: Guid(6cafd05c3286c784fb8daeac86f3317c) Importer(815301076,1909f56bfc062723c751e8b465ee728b)
Start importing Assets/Oculus/Interaction/Samples/Objects/Environment/Locomotion/Textures/LocomotionRoom/MetaLocomotionBalcony.png using Guid(6cafd05c3286c784fb8daeac86f3317c) Importer(815301076,1909f56bfc062723c751e8b465ee728b)  -> (artifact id: 'f2c8e2a9ea4f24fb3ae4dae1adc505f0') in 0.017087 seconds 
========================================================================
Received Import Request.
  Time since last request: 2.488928 seconds.
  path: Assets/Oculus/Interaction/Samples/Objects/Environment/Locomotion/Textures/LocomotionRoom/MetaLocomotionEnvironment.png
  artifactKey: Guid(38510dbb986e15b4f8a9cf95bab54664) Importer(815301076,1909f56bfc062723c751e8b465ee728b)
Start importing Assets/Oculus/Interaction/Samples/Objects/Environment/Locomotion/Textures/LocomotionRoom/MetaLocomotionEnvironment.png using Guid(38510dbb986e15b4f8a9cf95bab54664) Importer(815301076,1909f56bfc062723c751e8b465ee728b)  -> (artifact id: 'fabc0f6b7506d0c367a706493f51336e') in 0.036691 seconds 
========================================================================
Received Import Request.
  Time since last request: 9.272663 seconds.
  path: Assets/Oculus/Interaction/Samples/Objects/Props/MapWithPins/Textures/MapPointer_AlbedoRoughness.png
  artifactKey: Guid(b883faee006af594480a183e2c37d229) Importer(815301076,1909f56bfc062723c751e8b465ee728b)
Start importing Assets/Oculus/Interaction/Samples/Objects/Props/MapWithPins/Textures/MapPointer_AlbedoRoughness.png using Guid(b883faee006af594480a183e2c37d229) Importer(815301076,1909f56bfc062723c751e8b465ee728b)  -> (artifact id: '163c7a5aec05f60d5eff1ae6f2dcffef') in 0.026176 seconds 
========================================================================
Received Import Request.
  Time since last request: 0.000032 seconds.
  path: Assets/Oculus/Interaction/Samples/Objects/Environment/Locomotion/Textures/LocomotionRoom/MetaLocomotionGarden.png
  artifactKey: Guid(652fc6d4afa37124abc42063502c1b1b) Importer(815301076,1909f56bfc062723c751e8b465ee728b)
Start importing Assets/Oculus/Interaction/Samples/Objects/Environment/Locomotion/Textures/LocomotionRoom/MetaLocomotionGarden.png using Guid(652fc6d4afa37124abc42063502c1b1b) Importer(815301076,1909f56bfc062723c751e8b465ee728b)  -> (artifact id: '3ee7516d546fa34165367acacd3a3414') in 0.034750 seconds 
========================================================================
Received Import Request.
  Time since last request: 1.423174 seconds.
  path: Assets/Oculus/SampleFramework/Usage/Locomotion/Materials/MeterGrid.png
  artifactKey: Guid(38bf306a80da8c34abb88f6a022e2df9) Importer(815301076,1909f56bfc062723c751e8b465ee728b)
Start importing Assets/Oculus/SampleFramework/Usage/Locomotion/Materials/MeterGrid.png using Guid(38bf306a80da8c34abb88f6a022e2df9) Importer(815301076,1909f56bfc062723c751e8b465ee728b)  -> (artifact id: '544f016ff2e434a59767e9e302c19855') in 0.021410 seconds 
========================================================================
Received Import Request.
  Time since last request: 0.098305 seconds.
  path: Packages/com.unity.inputsystem/InputSystem/Editor/Icons/Mouse@4x.png
  artifactKey: Guid(a0b78c5ab9d654a9daba91ff774b4931) Importer(815301076,1909f56bfc062723c751e8b465ee728b)
Start importing Packages/com.unity.inputsystem/InputSystem/Editor/Icons/Mouse@4x.png using Guid(a0b78c5ab9d654a9daba91ff774b4931) Importer(815301076,1909f56bfc062723c751e8b465ee728b)  -> (artifact id: '0d1d91c5037322a330a99528f1a9711b') in 0.010086 seconds 
========================================================================
Received Import Request.
  Time since last request: 0.025237 seconds.
  path: Assets/Oculus/Interaction/Samples/Objects/Environment/MRDesk/Textures/MRDeskShadow.png
  artifactKey: Guid(2536bd26b31282a44b56ae3fdafe7fed) Importer(815301076,1909f56bfc062723c751e8b465ee728b)
Start importing Assets/Oculus/Interaction/Samples/Objects/Environment/MRDesk/Textures/MRDeskShadow.png using Guid(2536bd26b31282a44b56ae3fdafe7fed) Importer(815301076,1909f56bfc062723c751e8b465ee728b)  -> (artifact id: 'bc3b4add9a04d7e900f4fd4950501936') in 0.018107 seconds 
========================================================================
Received Import Request.
  Time since last request: 0.773156 seconds.
  path: Assets/Oculus/LipSync/Models/RobotHead_TextureFlip/nn.png
  artifactKey: Guid(9c21cf8c4dffca9418cebd0a578972b4) Importer(815301076,1909f56bfc062723c751e8b465ee728b)
Start importing Assets/Oculus/LipSync/Models/RobotHead_TextureFlip/nn.png using Guid(9c21cf8c4dffca9418cebd0a578972b4) Importer(815301076,1909f56bfc062723c751e8b465ee728b)  -> (artifact id: 'd887818db62ae999740e34d8ee721187') in 0.012077 seconds 
========================================================================
Received Import Request.
  Time since last request: 0.045843 seconds.
  path: Packages/com.unity.collab-proxy/Editor/PlasticSCM/Assets/Images/notondisk.png
  artifactKey: Guid(b205f4b28f59dda49af458b35d8a3ff3) Importer(815301076,1909f56bfc062723c751e8b465ee728b)
Start importing Packages/com.unity.collab-proxy/Editor/PlasticSCM/Assets/Images/notondisk.png using Guid(b205f4b28f59dda49af458b35d8a3ff3) Importer(815301076,1909f56bfc062723c751e8b465ee728b)  -> (artifact id: 'a70631734284d08b8442d6fbf041324e') in 0.013960 seconds 
========================================================================
Received Import Request.
  Time since last request: 0.096698 seconds.
  path: Assets/Oculus/Interaction/Samples/Textures/OCUIIconSet/OCUI_24_Outline_2x.png
  artifactKey: Guid(4f3b4a4ae58ad484e9fc92ab68a8ffef) Importer(815301076,1909f56bfc062723c751e8b465ee728b)
Start importing Assets/Oculus/Interaction/Samples/Textures/OCUIIconSet/OCUI_24_Outline_2x.png using Guid(4f3b4a4ae58ad484e9fc92ab68a8ffef) Importer(815301076,1909f56bfc062723c751e8b465ee728b)  -> (artifact id: '5b963ccf8b0ed50780b00c1d23f5f969') in 0.561830 seconds 
========================================================================
Received Import Request.
  Time since last request: 5.106719 seconds.
  path: Assets/Oculus/VR/Textures/OculusTouchForQuest2/OculusTouchForQuest2_AlbedoRoughness.tga
  artifactKey: Guid(b1f40c50ae24356469c6c6d4bfb2a2d6) Importer(815301076,1909f56bfc062723c751e8b465ee728b)
Start importing Assets/Oculus/VR/Textures/OculusTouchForQuest2/OculusTouchForQuest2_AlbedoRoughness.tga using Guid(b1f40c50ae24356469c6c6d4bfb2a2d6) Importer(815301076,1909f56bfc062723c751e8b465ee728b)  -> (artifact id: '5f5c2bf30933b629a2de9a8eaf60c51d') in 0.026058 seconds 
========================================================================
Received Import Request.
  Time since last request: 3.773496 seconds.
  path: Assets/Samples/QuickVRSamples/04_Interaction/Media/ExampleAssets/Textures/Wood/Plywood_MetallicOcculusionSmoothness.tif
  artifactKey: Guid(5eb1615bfd582cd45a9d1fa3eb8dacff) Importer(815301076,1909f56bfc062723c751e8b465ee728b)
Start importing Assets/Samples/QuickVRSamples/04_Interaction/Media/ExampleAssets/Textures/Wood/Plywood_MetallicOcculusionSmoothness.tif using Guid(5eb1615bfd582cd45a9d1fa3eb8dacff) Importer(815301076,1909f56bfc062723c751e8b465ee728b)  -> (artifact id: 'ac4b5a7e348e4f17e3c53c37bc40df8e') in 0.027035 seconds 
========================================================================
Received Import Request.
  Time since last request: 10.851263 seconds.
  path: Assets/SunboxGames/Avatars/Textures/Beanie/Beanie_Black.png
  artifactKey: Guid(7cbe249c50cafdc45aa1b08804b174ac) Importer(815301076,1909f56bfc062723c751e8b465ee728b)
Start importing Assets/SunboxGames/Avatars/Textures/Beanie/Beanie_Black.png using Guid(7cbe249c50cafdc45aa1b08804b174ac) Importer(815301076,1909f56bfc062723c751e8b465ee728b)  -> (artifact id: 'd5e66e6e752a01925be187a0aeedae01') in 0.051138 seconds 
========================================================================
Received Import Request.
  Time since last request: 0.000019 seconds.
  path: Packages/com.unity.xr.arcore/Tests/Editor/Unity.XR.ARCore.Editor.Tests-UnityLogo White On Black.jpg
  artifactKey: Guid(e0b604dee94974948961f7c5ce96485d) Importer(815301076,1909f56bfc062723c751e8b465ee728b)
Start importing Packages/com.unity.xr.arcore/Tests/Editor/Unity.XR.ARCore.Editor.Tests-UnityLogo White On Black.jpg using Guid(e0b604dee94974948961f7c5ce96485d) Importer(815301076,1909f56bfc062723c751e8b465ee728b)  -> (artifact id: 'faa9d22a3dcb90c610e7b3bb32abf8c9') in 0.022325 seconds 
========================================================================
Received Import Request.
  Time since last request: 0.000022 seconds.
  path: Assets/Oculus/SampleFramework/Usage/StartScene/Textures/BlackCubemap.png
  artifactKey: Guid(b40a1cb5f1124ec489cc1e7a533e46e6) Importer(815301076,1909f56bfc062723c751e8b465ee728b)
Start importing Assets/Oculus/SampleFramework/Usage/StartScene/Textures/BlackCubemap.png using Guid(b40a1cb5f1124ec489cc1e7a533e46e6) Importer(815301076,1909f56bfc062723c751e8b465ee728b)  -> (artifact id: 'e97cc0fb572dd7e6b47a1d93ddc264d0') in 0.029340 seconds 
========================================================================
Received Import Request.
  Time since last request: 6.170512 seconds.
  path: Assets/Oculus/SampleFramework/Usage/SharedAssets/Textures/ball_billiard_03_dif.jpg
  artifactKey: Guid(6f62dbb8fce29e04fb0a99913642d116) Importer(815301076,1909f56bfc062723c751e8b465ee728b)
Start importing Assets/Oculus/SampleFramework/Usage/SharedAssets/Textures/ball_billiard_03_dif.jpg using Guid(6f62dbb8fce29e04fb0a99913642d116) Importer(815301076,1909f56bfc062723c751e8b465ee728b)  -> (artifact id: '22a1561ed619c97b74dee693fb7aba08') in 0.062623 seconds 
========================================================================
Received Import Request.
  Time since last request: 0.000020 seconds.
  path: Assets/SunboxGames/Avatars/Textures/Baseball_Cap/Baseball_Cap_White.png
  artifactKey: Guid(e822dab061fe500458de376eed640a9f) Importer(815301076,1909f56bfc062723c751e8b465ee728b)
Start importing Assets/SunboxGames/Avatars/Textures/Baseball_Cap/Baseball_Cap_White.png using Guid(e822dab061fe500458de376eed640a9f) Importer(815301076,1909f56bfc062723c751e8b465ee728b)  -> (artifact id: '78648b69b640f0a8f38c9a82c6eabacd') in 0.025357 seconds 
========================================================================
Received Import Request.
  Time since last request: 0.434244 seconds.
  path: Packages/com.unity.inputsystem/InputSystem/Editor/Icons/Axis@2x.png
  artifactKey: Guid(d0006d51a864248adba0238883f8c71e) Importer(815301076,1909f56bfc062723c751e8b465ee728b)
Start importing Packages/com.unity.inputsystem/InputSystem/Editor/Icons/Axis@2x.png using Guid(d0006d51a864248adba0238883f8c71e) Importer(815301076,1909f56bfc062723c751e8b465ee728b)  -> (artifact id: '6f65019f736699a4b8ac0bacf925ee09') in 0.016306 seconds 
========================================================================
Received Import Request.
  Time since last request: 0.000025 seconds.
  path: Assets/Doors/DoorPackFree/Meshes/Door001/V2/Aferar_13 - Default_SpecularSmoothness.png
  artifactKey: Guid(a703548941a513a4b9d01a9b3640fd4a) Importer(815301076,1909f56bfc062723c751e8b465ee728b)
Start importing Assets/Doors/DoorPackFree/Meshes/Door001/V2/Aferar_13 - Default_SpecularSmoothness.png using Guid(a703548941a513a4b9d01a9b3640fd4a) Importer(815301076,1909f56bfc062723c751e8b465ee728b)  -> (artifact id: '81f86fac83f1eab620b96113348153bd') in 0.025615 seconds 
========================================================================
Received Import Request.
  Time since last request: 0.000037 seconds.
  path: Assets/Doors/DoorPackFree/Meshes/Door001/V7/Aferar_13 - Default_SpecularSmoothness.png
  artifactKey: Guid(ed800070650b895418e86461fd5abc40) Importer(815301076,1909f56bfc062723c751e8b465ee728b)
Start importing Assets/Doors/DoorPackFree/Meshes/Door001/V7/Aferar_13 - Default_SpecularSmoothness.png using Guid(ed800070650b895418e86461fd5abc40) Importer(815301076,1909f56bfc062723c751e8b465ee728b)  -> (artifact id: 'c66b0cf2831dfbbb2c4be1c8d3119d59') in 0.019102 seconds 
========================================================================
Received Import Request.
  Time since last request: 0.009455 seconds.
  path: Assets/Doors/DoorPackFree/Meshes/Door001/V7/Aferar_13 - Default_Normal.png
  artifactKey: Guid(030c4c619d224ab438e38b06e20193c2) Importer(815301076,1909f56bfc062723c751e8b465ee728b)
Start importing Assets/Doors/DoorPackFree/Meshes/Door001/V7/Aferar_13 - Default_Normal.png using Guid(030c4c619d224ab438e38b06e20193c2) Importer(815301076,1909f56bfc062723c751e8b465ee728b)  -> (artifact id: '784d836dd3713a76f3fab36c181413f9') in 0.025991 seconds 
========================================================================
Received Import Request.
  Time since last request: 0.173906 seconds.
  path: Assets/Doors/DoorPackFree/Meshes/Door001/V1/Aferar_13 - Default_Normal.png
  artifactKey: Guid(bd2b1ecd87a65b34b8896ba687902cff) Importer(815301076,1909f56bfc062723c751e8b465ee728b)
Start importing Assets/Doors/DoorPackFree/Meshes/Door001/V1/Aferar_13 - Default_Normal.png using Guid(bd2b1ecd87a65b34b8896ba687902cff) Importer(815301076,1909f56bfc062723c751e8b465ee728b)  -> (artifact id: 'dda0c6c8382408a748cf8c3435864d41') in 0.041207 seconds 
========================================================================
Received Import Request.
  Time since last request: 0.000019 seconds.
  path: Assets/Doors/DoorPackFree/Meshes/Door001/V2/Aferar_13 - Default_AO.png
  artifactKey: Guid(1091c73cfaecb1e41a7f2d66b5548365) Importer(815301076,1909f56bfc062723c751e8b465ee728b)
Start importing Assets/Doors/DoorPackFree/Meshes/Door001/V2/Aferar_13 - Default_AO.png using Guid(1091c73cfaecb1e41a7f2d66b5548365) Importer(815301076,1909f56bfc062723c751e8b465ee728b)  -> (artifact id: '7673e8353d8d73037134c70355d51d70') in 0.035218 seconds 
========================================================================
Received Import Request.
  Time since last request: 0.000025 seconds.
  path: Assets/Doors/DoorPackFree/Meshes/Door001/V5/Aferar_13 - Default_AO.png
  artifactKey: Guid(bd22af204859c274e950d2a4e5ef4dfb) Importer(815301076,1909f56bfc062723c751e8b465ee728b)
Start importing Assets/Doors/DoorPackFree/Meshes/Door001/V5/Aferar_13 - Default_AO.png using Guid(bd22af204859c274e950d2a4e5ef4dfb) Importer(815301076,1909f56bfc062723c751e8b465ee728b)  -> (artifact id: 'f0918836cf567642305ff1c6bd2f886b') in 0.022266 seconds 
========================================================================
Received Import Request.
  Time since last request: 0.000027 seconds.
  path: Assets/Doors/DoorPackFree/Meshes/Door001/V7/Aferar_13 - Default_AlbedoTransparency.png
  artifactKey: Guid(5a6ce0321a333e445b92d1c0508bf246) Importer(815301076,1909f56bfc062723c751e8b465ee728b)
Start importing Assets/Doors/DoorPackFree/Meshes/Door001/V7/Aferar_13 - Default_AlbedoTransparency.png using Guid(5a6ce0321a333e445b92d1c0508bf246) Importer(815301076,1909f56bfc062723c751e8b465ee728b)  -> (artifact id: '55d377ca644a19fe4a6f1f2301a7ae1c') in 0.016550 seconds 
========================================================================
Received Import Request.
  Time since last request: 0.145808 seconds.
  path: Assets/Doors/DoorPackFree/Meshes/Door001/V3/Aferar_13 - Default_AlbedoTransparency.png
  artifactKey: Guid(d1121a1458949b341967a096552d4fc6) Importer(815301076,1909f56bfc062723c751e8b465ee728b)
Start importing Assets/Doors/DoorPackFree/Meshes/Door001/V3/Aferar_13 - Default_AlbedoTransparency.png using Guid(d1121a1458949b341967a096552d4fc6) Importer(815301076,1909f56bfc062723c751e8b465ee728b)  -> (artifact id: '073a2772bc16d303c9be28ca7e1827ce') in 0.029968 seconds 
========================================================================
Received Import Request.
  Time since last request: 0.000023 seconds.
  path: Assets/Doors/DoorPackFree/Meshes/Video intercom/Textures/V2/Aferar_01 - Default_AO.png
  artifactKey: Guid(188ef17cbc7cb864c8f826ab6b04129f) Importer(815301076,1909f56bfc062723c751e8b465ee728b)
Start importing Assets/Doors/DoorPackFree/Meshes/Video intercom/Textures/V2/Aferar_01 - Default_AO.png using Guid(188ef17cbc7cb864c8f826ab6b04129f) Importer(815301076,1909f56bfc062723c751e8b465ee728b)  -> (artifact id: '05dca73185e1f572d5923c83320fe468') in 0.020522 seconds 
========================================================================
Received Import Request.
  Time since last request: 0.194498 seconds.
  path: Assets/Doors/DoorPackFree/Meshes/Video intercom/Textures/V1/Aferar_01 - Default_AlbedoTransparency.png
  artifactKey: Guid(42c96235f6565cf44abc098d6d3baf75) Importer(815301076,1909f56bfc062723c751e8b465ee728b)
Start importing Assets/Doors/DoorPackFree/Meshes/Video intercom/Textures/V1/Aferar_01 - Default_AlbedoTransparency.png using Guid(42c96235f6565cf44abc098d6d3baf75) Importer(815301076,1909f56bfc062723c751e8b465ee728b)  -> (artifact id: '716c2c052144a6840fa621e660e10593') in 0.026306 seconds 
========================================================================
Received Import Request.
  Time since last request: 0.000022 seconds.
  path: Packages/com.unity.inputsystem/InputSystem/Editor/Icons/Add Binding.png
  artifactKey: Guid(958a10dec4f3a4764bb345b0aa03510b) Importer(815301076,1909f56bfc062723c751e8b465ee728b)
Start importing Packages/com.unity.inputsystem/InputSystem/Editor/Icons/Add Binding.png using Guid(958a10dec4f3a4764bb345b0aa03510b) Importer(815301076,1909f56bfc062723c751e8b465ee728b)  -> (artifact id: '92f824ecce1d30b8ae2606dd8d8219a5') in 0.008404 seconds 
Editor requested this worker to shutdown with reason: Scaling down because of idle timeout
AssetImportWorker is now disconnected from the server
Process exiting
Exiting without the bug reporter. Application will terminate with return code 0