Using pre-set license
Built from '2021.3/staging' branch; Version is '2021.3.19f1 (c9714fde33b6) revision 13201743'; Using compiler version '192829333'; Build Type 'Release'
OS: 'Windows 11  (10.0.22000) 64bit Core' Language: 'fr' Physical Memory: 31940 MB
BatchMode: 1, IsHumanControllingUs: 0, StartBugReporterOnCrash: 0, Is64bit: 1, IsPro: 1

COMMAND LINE ARGUMENTS:
C:\Program Files\Unity\Hub\Editor\2021.3.19f1\Editor\Unity.exe
-adb2
-batchMode
-noUpm
-name
AssetImportWorker4
-projectPath
C:/Users/nicov/Nicolas-Vial-internship-Autonomyo/AutonomyoProject
-logFile
Logs/AssetImportWorker4.log
-srvPort
54096
Successfully changed project path to: C:/Users/nicov/Nicolas-Vial-internship-Autonomyo/AutonomyoProject
C:/Users/nicov/Nicolas-Vial-internship-Autonomyo/AutonomyoProject
[UnityMemory] Configuration Parameters - Can be set up in boot.config
    "memorysetup-bucket-allocator-granularity=16"
    "memorysetup-bucket-allocator-bucket-count=8"
    "memorysetup-bucket-allocator-block-size=33554432"
    "memorysetup-bucket-allocator-block-count=8"
    "memorysetup-main-allocator-block-size=16777216"
    "memorysetup-thread-allocator-block-size=16777216"
    "memorysetup-gfx-main-allocator-block-size=16777216"
    "memorysetup-gfx-thread-allocator-block-size=16777216"
    "memorysetup-cache-allocator-block-size=4194304"
    "memorysetup-typetree-allocator-block-size=2097152"
    "memorysetup-profiler-bucket-allocator-granularity=16"
    "memorysetup-profiler-bucket-allocator-bucket-count=8"
    "memorysetup-profiler-bucket-allocator-block-size=33554432"
    "memorysetup-profiler-bucket-allocator-block-count=8"
    "memorysetup-profiler-allocator-block-size=16777216"
    "memorysetup-profiler-editor-allocator-block-size=1048576"
    "memorysetup-temp-allocator-size-main=16777216"
    "memorysetup-job-temp-allocator-block-size=2097152"
    "memorysetup-job-temp-allocator-block-size-background=1048576"
    "memorysetup-job-temp-allocator-reduction-small-platforms=262144"
    "memorysetup-temp-allocator-size-background-worker=32768"
    "memorysetup-temp-allocator-size-job-worker=262144"
    "memorysetup-temp-allocator-size-preload-manager=33554432"
    "memorysetup-temp-allocator-size-nav-mesh-worker=65536"
    "memorysetup-temp-allocator-size-audio-worker=65536"
    "memorysetup-temp-allocator-size-cloud-worker=32768"
    "memorysetup-temp-allocator-size-gi-baking-worker=262144"
    "memorysetup-temp-allocator-size-gfx=262144"
Player connection [23296] Host "[IP] 172.27.144.1 [Port] 0 [Flags] 2 [Guid] 2066795165 [EditorId] 2066795165 [Version] 1048832 [Id] WindowsEditor(7,NiwikyLaptop) [Debug] 1 [PackageName] WindowsEditor [ProjectName] Editor" joined multi-casting on [225.0.0.222:54997]...

Player connection [23296] Host "[IP] 172.27.144.1 [Port] 0 [Flags] 2 [Guid] 2066795165 [EditorId] 2066795165 [Version] 1048832 [Id] WindowsEditor(7,NiwikyLaptop) [Debug] 1 [PackageName] WindowsEditor [ProjectName] Editor" joined alternative multi-casting on [225.0.0.222:34997]...

Refreshing native plugins compatible for Editor in 224.19 ms, found 17 plugins.
Preloading 1 native plugins for Editor in 2.21 ms.
Initialize engine version: 2021.3.19f1 (c9714fde33b6)
[Subsystems] Discovering subsystems at path C:/Program Files/Unity/Hub/Editor/2021.3.19f1/Editor/Data/Resources/UnitySubsystems
[Subsystems] Discovering subsystems at path C:/Users/nicov/Nicolas-Vial-internship-Autonomyo/AutonomyoProject/Assets
[Subsystems] No descriptors matched for  examples in Assets/MeshingFeaturePlugin/UnitySubsystemsManifest.json.
[Subsystems] No descriptors matched for  inputs in Assets/MeshingFeaturePlugin/UnitySubsystemsManifest.json.
[Subsystems] No descriptors matched for  displays in Assets/MeshingFeaturePlugin/UnitySubsystemsManifest.json.
[Subsystems] 1 'meshings' descriptors matched in Assets/MeshingFeaturePlugin/UnitySubsystemsManifest.json
GfxDevice: creating device client; threaded=0; jobified=0
Direct3D:
    Version:  Direct3D 11.0 [level 11.1]
    Renderer: NVIDIA GeForce RTX 3060 Laptop GPU (ID=0x2560)
    Vendor:   NVIDIA
    VRAM:     6023 MB
    Driver:   30.0.15.1298
Shader 'Oculus/OVRMRCameraFrameLit': fallback shader 'Alpha-Diffuse' not found
Initialize mono
Mono path[0] = 'C:/Program Files/Unity/Hub/Editor/2021.3.19f1/Editor/Data/Managed'
Mono path[1] = 'C:/Program Files/Unity/Hub/Editor/2021.3.19f1/Editor/Data/MonoBleedingEdge/lib/mono/unityjit-win32'
Mono config path = 'C:/Program Files/Unity/Hub/Editor/2021.3.19f1/Editor/Data/MonoBleedingEdge/etc'
Using monoOptions --debugger-agent=transport=dt_socket,embedding=1,server=y,suspend=n,address=127.0.0.1:56656
Begin MonoManager ReloadAssembly
Registering precompiled unity dll's ...
Register platform support module: C:/Program Files/Unity/Hub/Editor/2021.3.19f1/Editor/Data/PlaybackEngines/WebGLSupport/UnityEditor.WebGL.Extensions.dll
Register platform support module: C:/Program Files/Unity/Hub/Editor/2021.3.19f1/Editor/Data/PlaybackEngines/MacStandaloneSupport/UnityEditor.OSXStandalone.Extensions.dll
Register platform support module: C:/Program Files/Unity/Hub/Editor/2021.3.19f1/Editor/Data/PlaybackEngines/AndroidPlayer/UnityEditor.Android.Extensions.dll
Register platform support module: C:/Program Files/Unity/Hub/Editor/2021.3.19f1/Editor/Data/PlaybackEngines/iOSSupport/UnityEditor.iOS.Extensions.dll
Register platform support module: C:/Program Files/Unity/Hub/Editor/2021.3.19f1/Editor/Data/PlaybackEngines/AppleTVSupport/UnityEditor.AppleTV.Extensions.dll
Register platform support module: C:/Program Files/Unity/Hub/Editor/2021.3.19f1/Editor/Data/PlaybackEngines/WindowsStandaloneSupport/UnityEditor.WindowsStandalone.Extensions.dll
Register platform support module: C:/Program Files/Unity/Hub/Editor/2021.3.19f1/Editor/Data/PlaybackEngines/LinuxStandaloneSupport/UnityEditor.LinuxStandalone.Extensions.dll
Register platform support module: C:/Program Files/Unity/Hub/Editor/2021.3.19f1/Editor/Data/PlaybackEngines/MetroSupport/UnityEditor.UWP.Extensions.dll
Registered in 0.012283 seconds.
Native extension for UWP target not found
Native extension for LinuxStandalone target not found
Native extension for WindowsStandalone target not found
[usbmuxd] Start listen thread
[usbmuxd] Listen thread started
Native extension for AppleTV target not found
[usbmuxd] Start listen thread
[usbmuxd] Listen thread started
Native extension for iOS target not found
Native extension for Android target not found
Android Extension - Scanning For ADB Devices 260 ms
Native extension for OSXStandalone target not found
Native extension for WebGL target not found
Refreshing native plugins compatible for Editor in 114.31 ms, found 17 plugins.
Preloading 1 native plugins for Editor in 0.08 ms.
Mono: successfully reloaded assembly
- Completed reload, in  0.919 seconds
Domain Reload Profiling:
	ReloadAssembly (919ms)
		BeginReloadAssembly (75ms)
			ExecutionOrderSort (0ms)
			DisableScriptedObjects (0ms)
			BackupInstance (0ms)
			ReleaseScriptingObjects (0ms)
			CreateAndSetChildDomain (1ms)
		EndReloadAssembly (743ms)
			LoadAssemblies (76ms)
			RebuildTransferFunctionScriptingTraits (0ms)
			SetupTypeCache (93ms)
			ReleaseScriptCaches (0ms)
			RebuildScriptCaches (26ms)
			SetupLoadedEditorAssemblies (573ms)
				LogAssemblyErrors (0ms)
				InitializePlatformSupportModulesInManaged (351ms)
				SetLoadedEditorAssemblies (0ms)
				RefreshPlugins (114ms)
				BeforeProcessingInitializeOnLoad (1ms)
				ProcessInitializeOnLoadAttributes (67ms)
				ProcessInitializeOnLoadMethodAttributes (39ms)
				AfterProcessingInitializeOnLoad (0ms)
				EditorAssembliesLoaded (0ms)
			ExecutionOrderSort2 (0ms)
			AwakeInstancesAfterBackupRestoration (0ms)
Platform modules already initialized, skipping
Registering precompiled user dll's ...
Registered in 0.015914 seconds.
Begin MonoManager ReloadAssembly
Symbol file LoadedFromMemory doesn't match image C:\Users\nicov\Nicolas-Vial-internship-Autonomyo\AutonomyoProject\Library\PackageCache\com.unity.visualscripting@1.8.0\Editor\VisualScripting.Core\Dependencies\DotNetZip\Unity.VisualScripting.IonicZip.dll
Symbol file LoadedFromMemory doesn't match image C:\Users\nicov\Nicolas-Vial-internship-Autonomyo\AutonomyoProject\Library\PackageCache\com.unity.visualscripting@1.8.0\Editor\VisualScripting.Core\Dependencies\YamlDotNet\Unity.VisualScripting.YamlDotNet.dll
OnLevelWasLoaded was found on WitService
This message has been deprecated and will be removed in a later version of Unity.
Add a delegate to SceneManager.sceneLoaded instead to get notifications after scene loading has completed
Native extension for UWP target not found
Native extension for LinuxStandalone target not found
Native extension for WindowsStandalone target not found
Native extension for AppleTV target not found
Native extension for iOS target not found
Native extension for Android target not found
Native extension for OSXStandalone target not found
Native extension for WebGL target not found
Refreshing native plugins compatible for Editor in 109.54 ms, found 17 plugins.
Preloading 1 native plugins for Editor in 0.06 ms.
Package Manager log level set to [2]
[XR] OculusXRPlugin: registering subsystems
[XR] Unable to register display lifecyle provider: [1]
[XR] Oculus Input lifecycle provider registered.
[XR] Unable to register input lifecyle provider: [1]
[XR] OVRP version 1.81.0
Mono: successfully reloaded assembly
- Completed reload, in  1.337 seconds
Domain Reload Profiling:
	ReloadAssembly (1337ms)
		BeginReloadAssembly (90ms)
			ExecutionOrderSort (0ms)
			DisableScriptedObjects (5ms)
			BackupInstance (0ms)
			ReleaseScriptingObjects (0ms)
			CreateAndSetChildDomain (19ms)
		EndReloadAssembly (1154ms)
			LoadAssemblies (100ms)
			RebuildTransferFunctionScriptingTraits (0ms)
			SetupTypeCache (260ms)
			ReleaseScriptCaches (1ms)
			RebuildScriptCaches (83ms)
			SetupLoadedEditorAssemblies (649ms)
				LogAssemblyErrors (0ms)
				InitializePlatformSupportModulesInManaged (28ms)
				SetLoadedEditorAssemblies (0ms)
				RefreshPlugins (110ms)
				BeforeProcessingInitializeOnLoad (109ms)
				ProcessInitializeOnLoadAttributes (368ms)
				ProcessInitializeOnLoadMethodAttributes (25ms)
				AfterProcessingInitializeOnLoad (8ms)
				EditorAssembliesLoaded (0ms)
			ExecutionOrderSort2 (0ms)
			AwakeInstancesAfterBackupRestoration (4ms)
Platform modules already initialized, skipping
========================================================================
Worker process is ready to serve import requests
Shader 'Oculus/OVRMRCameraFrameLit': fallback shader 'Alpha-Diffuse' not found
Launched and connected shader compiler UnityShaderCompiler.exe after 0.08 seconds
Refreshing native plugins compatible for Editor in 1.50 ms, found 17 plugins.
Preloading 1 native plugins for Editor in 0.08 ms.
Unloading 6562 Unused Serialized files (Serialized files now loaded: 0)
Unloading 93 unused Assets / (166.7 KB). Loaded Objects now: 6988.
Memory consumption went from 311.8 MB to 311.6 MB.
Total: 4.887000 ms (FindLiveObjects: 0.587000 ms CreateObjectMapping: 0.290700 ms MarkObjects: 3.794300 ms  DeleteObjects: 0.213400 ms)

AssetImportParameters requested are different than current active one (requested -> active):
  custom:video-decoder-ogg-theora: a1e56fd34408186e4bbccfd4996cb3dc -> 
  custom:container-muxer-webm: aa71ff27fc2769a1b78a27578f13a17b -> 
  custom:container-demuxer-webm: 4f35f7cbe854078d1ac9338744f61a02 -> 
  custom:video-encoder-webm-vp8: eb34c28f22e8b96e1ab97ce403110664 -> 
  custom:video-codec-MediaFoundation-h265: 746d11721c4dcdbdad8f713fa42b33f4 -> 
  custom:audio-encoder-webm-vorbis: bf7c407c2cedff20999df2af8eb42d56 -> 
  custom:framework-win-MediaFoundation: 216162199b28c13a410421893ffa2e32 -> 
  custom:container-demuxer-ogg: 62fdf1f143b41e24485cea50d1cbac27 -> 
  custom:video-decoder-webm-vp8: 9c59270c3fd7afecdb556c50c9e8de78 -> 
  custom:audio-decoder-ogg-vorbis: bf7c407c2cedff20999df2af8eb42d56 -> 
========================================================================
Received Import Request.
  Time since last request: 600158.819535 seconds.
  path: Assets/materials/skybox.mat
  artifactKey: Guid(17dabbc2d4d9ae946ac7ea1f74823839) Importer(815301076,1909f56bfc062723c751e8b465ee728b)
Start importing Assets/materials/skybox.mat using Guid(17dabbc2d4d9ae946ac7ea1f74823839) Importer(815301076,1909f56bfc062723c751e8b465ee728b)  -> (artifact id: '370e9a61849744bdfab5523c7520370d') in 0.109697 seconds 
========================================================================
Received Import Request.
  Time since last request: 6.443009 seconds.
  path: Assets/materials/New Material.mat
  artifactKey: Guid(da97b88553195dd408e36e173bd87403) Importer(815301076,1909f56bfc062723c751e8b465ee728b)
Start importing Assets/materials/New Material.mat using Guid(da97b88553195dd408e36e173bd87403) Importer(815301076,1909f56bfc062723c751e8b465ee728b)  -> (artifact id: 'd9e01b6fede18a5d634f121d2029e417') in 0.013453 seconds 
========================================================================
Received Import Request.
  Time since last request: 2.270134 seconds.
  path: Assets/Oculus/LipSync/Models/RobotHead_TextureFlip/aa.png
  artifactKey: Guid(5c06354455999f94ea26114e261dde6d) Importer(815301076,1909f56bfc062723c751e8b465ee728b)
Start importing Assets/Oculus/LipSync/Models/RobotHead_TextureFlip/aa.png using Guid(5c06354455999f94ea26114e261dde6d) Importer(815301076,1909f56bfc062723c751e8b465ee728b)  -> (artifact id: '4e328bc2b82f3ace4c12be7d6771f32d') in 0.034131 seconds 
========================================================================
Received Import Request.
  Time since last request: 0.000032 seconds.
  path: Packages/com.unity.inputsystem/InputSystem/Editor/AssetEditor/Resources/personal/actionTreeBackground.png
  artifactKey: Guid(ce5f11cd993284c4f9c54f854bdc8c9c) Importer(815301076,1909f56bfc062723c751e8b465ee728b)
Start importing Packages/com.unity.inputsystem/InputSystem/Editor/AssetEditor/Resources/personal/actionTreeBackground.png using Guid(ce5f11cd993284c4f9c54f854bdc8c9c) Importer(815301076,1909f56bfc062723c751e8b465ee728b)  -> (artifact id: 'c4da9e734063ef193691f9f93510b843') in 0.013679 seconds 
========================================================================
Received Import Request.
  Time since last request: 0.000025 seconds.
  path: Assets/SunboxGames/Avatars/Textures/Acetate/Acetate_Metalic.png
  artifactKey: Guid(a78256628a4f4c34dab01e6411555c92) Importer(815301076,1909f56bfc062723c751e8b465ee728b)
Start importing Assets/SunboxGames/Avatars/Textures/Acetate/Acetate_Metalic.png using Guid(a78256628a4f4c34dab01e6411555c92) Importer(815301076,1909f56bfc062723c751e8b465ee728b)  -> (artifact id: 'c28fe1ed622a5372753dce13fb92de2c') in 0.058865 seconds 
========================================================================
Received Import Request.
  Time since last request: 0.000023 seconds.
  path: Packages/com.unity.inputsystem/InputSystem/Editor/AssetEditor/Resources/pro/actionTreeBackground.png
  artifactKey: Guid(c4b66e31395c54087a2fbc13ae7e0f3c) Importer(815301076,1909f56bfc062723c751e8b465ee728b)
Start importing Packages/com.unity.inputsystem/InputSystem/Editor/AssetEditor/Resources/pro/actionTreeBackground.png using Guid(c4b66e31395c54087a2fbc13ae7e0f3c) Importer(815301076,1909f56bfc062723c751e8b465ee728b)  -> (artifact id: 'a48c7f2a090dfca7382dd370845458d0') in 0.007628 seconds 
========================================================================
Received Import Request.
  Time since last request: 0.000020 seconds.
  path: Assets/SunboxGames/Avatars/Textures/Acetate/Acetate_Normal.png
  artifactKey: Guid(75f692c4592e21e419265b4a140ca0dc) Importer(815301076,1909f56bfc062723c751e8b465ee728b)
Start importing Assets/SunboxGames/Avatars/Textures/Acetate/Acetate_Normal.png using Guid(75f692c4592e21e419265b4a140ca0dc) Importer(815301076,1909f56bfc062723c751e8b465ee728b)  -> (artifact id: '1a7fd4b5eb87638663bf149c8eb49713') in 0.024238 seconds 
========================================================================
Received Import Request.
  Time since last request: 0.000022 seconds.
  path: Assets/SunboxGames/Avatars/Textures/Acetate/acetate_cloud_Diffuse.png
  artifactKey: Guid(30518ee7fb176dc468de3a19d70ee544) Importer(815301076,1909f56bfc062723c751e8b465ee728b)
Start importing Assets/SunboxGames/Avatars/Textures/Acetate/acetate_cloud_Diffuse.png using Guid(30518ee7fb176dc468de3a19d70ee544) Importer(815301076,1909f56bfc062723c751e8b465ee728b)  -> (artifact id: '95434609ec9c01506b20fef2fbcb1a7d') in 0.022121 seconds 
========================================================================
Received Import Request.
  Time since last request: 0.000036 seconds.
  path: Packages/com.unity.inputsystem/InputSystem/Editor/AssetEditor/Resources/personal/actionTreeBackgroundWithoutBorder.png
  artifactKey: Guid(cf632ed80bf1f46c980de6b1b8b903ef) Importer(815301076,1909f56bfc062723c751e8b465ee728b)
Start importing Packages/com.unity.inputsystem/InputSystem/Editor/AssetEditor/Resources/personal/actionTreeBackgroundWithoutBorder.png using Guid(cf632ed80bf1f46c980de6b1b8b903ef) Importer(815301076,1909f56bfc062723c751e8b465ee728b)  -> (artifact id: 'd862c5e9dda4b60dece25ab2496dabf0') in 0.012066 seconds 
========================================================================
Received Import Request.
  Time since last request: 0.000037 seconds.
  path: Packages/com.unity.inputsystem/InputSystem/Editor/AssetEditor/Resources/pro/actionTreeBackgroundWithoutBorder.png
  artifactKey: Guid(943deaaee9c9347e0a455aa208526c42) Importer(815301076,1909f56bfc062723c751e8b465ee728b)
Start importing Packages/com.unity.inputsystem/InputSystem/Editor/AssetEditor/Resources/pro/actionTreeBackgroundWithoutBorder.png using Guid(943deaaee9c9347e0a455aa208526c42) Importer(815301076,1909f56bfc062723c751e8b465ee728b)  -> (artifact id: '8a4708a2222e1f76518b4d42a30a12b6') in 0.010536 seconds 
========================================================================
Received Import Request.
  Time since last request: 0.000022 seconds.
  path: Assets/SunboxGames/Avatars/Textures/Acetate/acetate_cloud_Normal.png
  artifactKey: Guid(69afed0c62863d8468fcc7fd36531374) Importer(815301076,1909f56bfc062723c751e8b465ee728b)
Start importing Assets/SunboxGames/Avatars/Textures/Acetate/acetate_cloud_Normal.png using Guid(69afed0c62863d8468fcc7fd36531374) Importer(815301076,1909f56bfc062723c751e8b465ee728b)  -> (artifact id: 'cf1adc0f6c9bdb4c2fce41add4914627') in 0.024146 seconds 
========================================================================
Received Import Request.
  Time since last request: 2.424461 seconds.
  path: Assets/SunboxGames/Avatars/Textures/Basketball_Shoes/Basketball_Shoes_MetallicSmoothness.png
  artifactKey: Guid(db08ed30fa8dd8e44ab26077b4b439d0) Importer(815301076,1909f56bfc062723c751e8b465ee728b)
Start importing Assets/SunboxGames/Avatars/Textures/Basketball_Shoes/Basketball_Shoes_MetallicSmoothness.png using Guid(db08ed30fa8dd8e44ab26077b4b439d0) Importer(815301076,1909f56bfc062723c751e8b465ee728b)  -> (artifact id: '929c734c42cd8b2a62f4cbe95096b842') in 0.012508 seconds 
========================================================================
Received Import Request.
  Time since last request: 0.000021 seconds.
  path: Assets/SunboxGames/Avatars/Textures/Jeans/Jeans_MetallicSmoothness.png
  artifactKey: Guid(c28f3088f31ed444f8caca0b2772f40c) Importer(815301076,1909f56bfc062723c751e8b465ee728b)
Start importing Assets/SunboxGames/Avatars/Textures/Jeans/Jeans_MetallicSmoothness.png using Guid(c28f3088f31ed444f8caca0b2772f40c) Importer(815301076,1909f56bfc062723c751e8b465ee728b)  -> (artifact id: 'c2721780e235234eb60a35d47115f266') in 0.011614 seconds 
========================================================================
Received Import Request.
  Time since last request: 0.000030 seconds.
  path: Assets/Oculus/Interaction/Samples/Objects/Props/CoffeeCup/CoffeeCup_Metal.png
  artifactKey: Guid(e2b846e7aa310ea4f97e3066f292b23f) Importer(815301076,1909f56bfc062723c751e8b465ee728b)
Start importing Assets/Oculus/Interaction/Samples/Objects/Props/CoffeeCup/CoffeeCup_Metal.png using Guid(e2b846e7aa310ea4f97e3066f292b23f) Importer(815301076,1909f56bfc062723c751e8b465ee728b)  -> (artifact id: '9ad5882c66f0bb1e50acb5450f098224') in 0.012431 seconds 
========================================================================
Received Import Request.
  Time since last request: 0.000023 seconds.
  path: Assets/Oculus/SampleFramework/Usage/Locomotion/Textures/metal_01_nml.png
  artifactKey: Guid(3948563beb7ab48f7bdc6eb0943fb2c6) Importer(815301076,1909f56bfc062723c751e8b465ee728b)
Start importing Assets/Oculus/SampleFramework/Usage/Locomotion/Textures/metal_01_nml.png using Guid(3948563beb7ab48f7bdc6eb0943fb2c6) Importer(815301076,1909f56bfc062723c751e8b465ee728b)  -> (artifact id: '9c0c6400091afaeeac544018da9b7249') in 0.021817 seconds 
========================================================================
Received Import Request.
  Time since last request: 0.000016 seconds.
  path: Assets/Oculus/SampleFramework/Usage/SharedAssets/Textures/metal_brushed_01_dif.png
  artifactKey: Guid(9e9f33564fb38524f86c25e26d1e10d4) Importer(815301076,1909f56bfc062723c751e8b465ee728b)
Start importing Assets/Oculus/SampleFramework/Usage/SharedAssets/Textures/metal_brushed_01_dif.png using Guid(9e9f33564fb38524f86c25e26d1e10d4) Importer(815301076,1909f56bfc062723c751e8b465ee728b)  -> (artifact id: 'f3952f4dce38b20e335ceda0fb216310') in 0.013395 seconds 
========================================================================
Received Import Request.
  Time since last request: 0.000022 seconds.
  path: Assets/SunboxGames/Avatars/Textures/Shorts/Cargo_Shorts_MetallicSmoothness.png
  artifactKey: Guid(2fa547cc2bd1e914baefc4ceda98c32d) Importer(815301076,1909f56bfc062723c751e8b465ee728b)
Start importing Assets/SunboxGames/Avatars/Textures/Shorts/Cargo_Shorts_MetallicSmoothness.png using Guid(2fa547cc2bd1e914baefc4ceda98c32d) Importer(815301076,1909f56bfc062723c751e8b465ee728b)  -> (artifact id: 'b9bbd68c5190312fb32fe6e859461769') in 0.016929 seconds 
========================================================================
Received Import Request.
  Time since last request: 2.487699 seconds.
  path: Assets/Oculus/Interaction/Samples/Objects/Environment/Locomotion/Textures/LocomotionRoom/MetaLocomotionDoor.png
  artifactKey: Guid(21bc0e925464bd44d9bc520a9b96c50c) Importer(815301076,1909f56bfc062723c751e8b465ee728b)
Start importing Assets/Oculus/Interaction/Samples/Objects/Environment/Locomotion/Textures/LocomotionRoom/MetaLocomotionDoor.png using Guid(21bc0e925464bd44d9bc520a9b96c50c) Importer(815301076,1909f56bfc062723c751e8b465ee728b)  -> (artifact id: 'ccfee403d419c4665957ce456f0b1b83') in 0.036919 seconds 
========================================================================
Received Import Request.
  Time since last request: 9.271544 seconds.
  path: Assets/Oculus/Interaction/Samples/Objects/Props/PictureFrame/Textures/Map.jpg
  artifactKey: Guid(2eb58f3a8dada1c4e8cda5ebd05884f7) Importer(815301076,1909f56bfc062723c751e8b465ee728b)
Start importing Assets/Oculus/Interaction/Samples/Objects/Props/PictureFrame/Textures/Map.jpg using Guid(2eb58f3a8dada1c4e8cda5ebd05884f7) Importer(815301076,1909f56bfc062723c751e8b465ee728b)  -> (artifact id: 'cebe8c39802fc9c750212f8dfb03c4bf') in 0.055554 seconds 
========================================================================
Received Import Request.
  Time since last request: 1.441405 seconds.
  path: Assets/Oculus/Interaction/Samples/Objects/Environment/Locomotion/Textures/LocomotionRoom/MetaLocomotionGround.png
  artifactKey: Guid(916bb0571aa8a13418cd0c63f3f117e3) Importer(815301076,1909f56bfc062723c751e8b465ee728b)
Start importing Assets/Oculus/Interaction/Samples/Objects/Environment/Locomotion/Textures/LocomotionRoom/MetaLocomotionGround.png using Guid(916bb0571aa8a13418cd0c63f3f117e3) Importer(815301076,1909f56bfc062723c751e8b465ee728b)  -> (artifact id: '26b3640ebd66814b33b257fde8bf7243') in 0.025678 seconds 
========================================================================
Received Import Request.
  Time since last request: 0.026556 seconds.
  path: Assets/Oculus/SampleFramework/Core/Locomotion/Materials/MeterGrid.png
  artifactKey: Guid(94201fda3ed62c94fbb0e4bf717756ba) Importer(815301076,1909f56bfc062723c751e8b465ee728b)
Start importing Assets/Oculus/SampleFramework/Core/Locomotion/Materials/MeterGrid.png using Guid(94201fda3ed62c94fbb0e4bf717756ba) Importer(815301076,1909f56bfc062723c751e8b465ee728b)  -> (artifact id: 'a5d36057a442f84c4a5b21226864081e') in 0.016701 seconds 
========================================================================
Received Import Request.
  Time since last request: 0.041836 seconds.
  path: Packages/com.unity.inputsystem/InputSystem/Editor/Icons/Mouse@2x.png
  artifactKey: Guid(9721efa02e520488d96c36460fe7e4a6) Importer(815301076,1909f56bfc062723c751e8b465ee728b)
Start importing Packages/com.unity.inputsystem/InputSystem/Editor/Icons/Mouse@2x.png using Guid(9721efa02e520488d96c36460fe7e4a6) Importer(815301076,1909f56bfc062723c751e8b465ee728b)  -> (artifact id: '725846ee1c4037d4eafc56a476d22f9e') in 0.009310 seconds 
========================================================================
Received Import Request.
  Time since last request: 0.026586 seconds.
  path: Assets/Oculus/VR/Editor/Textures/mqdh_icon.png
  artifactKey: Guid(c4ad52725d16842dd8385d0264dda36c) Importer(815301076,1909f56bfc062723c751e8b465ee728b)
Start importing Assets/Oculus/VR/Editor/Textures/mqdh_icon.png using Guid(c4ad52725d16842dd8385d0264dda36c) Importer(815301076,1909f56bfc062723c751e8b465ee728b)  -> (artifact id: '1f2bcb3eb814c8d73094daab5f86e6c3') in 0.013605 seconds 
========================================================================
Received Import Request.
  Time since last request: 0.776745 seconds.
  path: Assets/Oculus/Interaction/Samples/Objects/Props/Mug/Textures/mugTexture.png
  artifactKey: Guid(78b6ff33743349145956f234d2e4c8be) Importer(815301076,1909f56bfc062723c751e8b465ee728b)
Start importing Assets/Oculus/Interaction/Samples/Objects/Props/Mug/Textures/mugTexture.png using Guid(78b6ff33743349145956f234d2e4c8be) Importer(815301076,1909f56bfc062723c751e8b465ee728b)  -> (artifact id: 'c3d4d2015f3ab9803251f576b9ca1a6f') in 0.031493 seconds 
========================================================================
Received Import Request.
  Time since last request: 0.027109 seconds.
  path: Assets/Oculus/SampleFramework/Core/DebugUI/Textures/noise_01.png
  artifactKey: Guid(fff70cc323e7244f0a6fed5ecb11a9a1) Importer(815301076,1909f56bfc062723c751e8b465ee728b)
Start importing Assets/Oculus/SampleFramework/Core/DebugUI/Textures/noise_01.png using Guid(fff70cc323e7244f0a6fed5ecb11a9a1) Importer(815301076,1909f56bfc062723c751e8b465ee728b)  -> (artifact id: '36629f338f7e4b65bbce318bf83eab76') in 0.031088 seconds 
========================================================================
Received Import Request.
  Time since last request: 0.078153 seconds.
  path: Assets/Oculus/Interaction/Samples/Textures/OCUIIconSet/OCUI_24_Filled_2x.png
  artifactKey: Guid(64f884351318b694f942625580e64a8b) Importer(815301076,1909f56bfc062723c751e8b465ee728b)
Start importing Assets/Oculus/Interaction/Samples/Textures/OCUIIconSet/OCUI_24_Filled_2x.png using Guid(64f884351318b694f942625580e64a8b) Importer(815301076,1909f56bfc062723c751e8b465ee728b)  -> (artifact id: '23b2f2f45c977657552aabe0ce995a2d') in 0.617134 seconds 
========================================================================
Received Import Request.
  Time since last request: 5.056783 seconds.
  path: Assets/Oculus/VR/Textures/Logos/OculusLogoSplash.png
  artifactKey: Guid(3caded05dba914447a5f85650f9f4ab2) Importer(815301076,1909f56bfc062723c751e8b465ee728b)
Start importing Assets/Oculus/VR/Textures/Logos/OculusLogoSplash.png using Guid(3caded05dba914447a5f85650f9f4ab2) Importer(815301076,1909f56bfc062723c751e8b465ee728b)  -> (artifact id: '6cc8acb35890fc9157a2ca1483068029') in 0.018854 seconds 
========================================================================
Received Import Request.
  Time since last request: 3.780878 seconds.
  path: Assets/Samples/QuickVRSamples/04_Interaction/Media/ExampleAssets/Textures/Plastic/PlasticRidges_MetallicOcculusionSmoothness.tif
  artifactKey: Guid(545745b5289705049ae5eefa1af3016a) Importer(815301076,1909f56bfc062723c751e8b465ee728b)
Start importing Assets/Samples/QuickVRSamples/04_Interaction/Media/ExampleAssets/Textures/Plastic/PlasticRidges_MetallicOcculusionSmoothness.tif using Guid(545745b5289705049ae5eefa1af3016a) Importer(815301076,1909f56bfc062723c751e8b465ee728b)  -> (artifact id: '2156221a30f5fc311e12ac2a043c01ae') in 0.027570 seconds 
========================================================================
Received Import Request.
  Time since last request: 10.851660 seconds.
  path: Assets/SunboxGames/Avatars/Textures/Baseball_Cap/Baseball_Cap_Black.png
  artifactKey: Guid(2748ca810f0a73643a9beeb257222252) Importer(815301076,1909f56bfc062723c751e8b465ee728b)
Start importing Assets/SunboxGames/Avatars/Textures/Baseball_Cap/Baseball_Cap_Black.png using Guid(2748ca810f0a73643a9beeb257222252) Importer(815301076,1909f56bfc062723c751e8b465ee728b)  -> (artifact id: '55648c509df0e9f2552660a0dcc053d9') in 0.050864 seconds 
========================================================================
Received Import Request.
  Time since last request: 0.000020 seconds.
  path: Assets/SunboxGames/Avatars/Textures/Jeans/Jeans_Black.png
  artifactKey: Guid(0527051fefcbf354ca196428e7a92652) Importer(815301076,1909f56bfc062723c751e8b465ee728b)
Start importing Assets/SunboxGames/Avatars/Textures/Jeans/Jeans_Black.png using Guid(0527051fefcbf354ca196428e7a92652) Importer(815301076,1909f56bfc062723c751e8b465ee728b)  -> (artifact id: '2de834c9cc63337166427d10c00a1893') in 0.031741 seconds 
========================================================================
Received Import Request.
  Time since last request: 6.198425 seconds.
  path: Packages/com.unity.inputsystem/InputSystem/Editor/Icons/Axis@3x.png
  artifactKey: Guid(2e27a82b5cc4e4ef98cbef2d0b324aed) Importer(815301076,1909f56bfc062723c751e8b465ee728b)
Start importing Packages/com.unity.inputsystem/InputSystem/Editor/Icons/Axis@3x.png using Guid(2e27a82b5cc4e4ef98cbef2d0b324aed) Importer(815301076,1909f56bfc062723c751e8b465ee728b)  -> (artifact id: '08e2f726925e0a1bbf41bf35e039b190') in 0.016215 seconds 
========================================================================
Received Import Request.
  Time since last request: 0.000022 seconds.
  path: Assets/SunboxGames/Avatars/Textures/Baseball_Cap/Baseball_Cap_Normal.png
  artifactKey: Guid(51bbdd7d7ec86fa46ba36239f2064cbf) Importer(815301076,1909f56bfc062723c751e8b465ee728b)
Start importing Assets/SunboxGames/Avatars/Textures/Baseball_Cap/Baseball_Cap_Normal.png using Guid(51bbdd7d7ec86fa46ba36239f2064cbf) Importer(815301076,1909f56bfc062723c751e8b465ee728b)  -> (artifact id: '681eb8e09640a24446253316d6b4de5b') in 0.056044 seconds 
========================================================================
Received Import Request.
  Time since last request: 0.000033 seconds.
  path: Assets/SunboxGames/Avatars/Textures/Basketball_Shoes/Basketball_Shoes_White.png
  artifactKey: Guid(f7efe5c23ae2e534b97c622cb987ef31) Importer(815301076,1909f56bfc062723c751e8b465ee728b)
Start importing Assets/SunboxGames/Avatars/Textures/Basketball_Shoes/Basketball_Shoes_White.png using Guid(f7efe5c23ae2e534b97c622cb987ef31) Importer(815301076,1909f56bfc062723c751e8b465ee728b)  -> (artifact id: 'aa04782c6b4a670ac19930222c6dff30') in 0.046009 seconds 
========================================================================
Received Import Request.
  Time since last request: 0.393941 seconds.
  path: Assets/Doors/DoorPackFree/Meshes/Door001/V6/Aferar_13 - Default_SpecularSmoothness.png
  artifactKey: Guid(e2d2f6fd919564b42bdfb8258f8f800d) Importer(815301076,1909f56bfc062723c751e8b465ee728b)
Start importing Assets/Doors/DoorPackFree/Meshes/Door001/V6/Aferar_13 - Default_SpecularSmoothness.png using Guid(e2d2f6fd919564b42bdfb8258f8f800d) Importer(815301076,1909f56bfc062723c751e8b465ee728b)  -> (artifact id: 'adafe678229549ee045e81f74fa22f28') in 0.021787 seconds 
========================================================================
Received Import Request.
  Time since last request: 0.018909 seconds.
  path: Assets/Doors/DoorPackFree/Meshes/Door001/V1/Aferar_13 - Default_SpecularSmoothness.png
  artifactKey: Guid(4f86f5849b7bb684ea823025aee879f0) Importer(815301076,1909f56bfc062723c751e8b465ee728b)
Start importing Assets/Doors/DoorPackFree/Meshes/Door001/V1/Aferar_13 - Default_SpecularSmoothness.png using Guid(4f86f5849b7bb684ea823025aee879f0) Importer(815301076,1909f56bfc062723c751e8b465ee728b)  -> (artifact id: 'b714e7ffd711022a62ef3fc97898c717') in 0.020830 seconds 
========================================================================
Received Import Request.
  Time since last request: 0.018230 seconds.
  path: Assets/Doors/DoorPackFree/Meshes/Door001/V3/Aferar_13 - Default_Normal.png
  artifactKey: Guid(7150f51fa092a5a44a2714c16a5c407d) Importer(815301076,1909f56bfc062723c751e8b465ee728b)
Start importing Assets/Doors/DoorPackFree/Meshes/Door001/V3/Aferar_13 - Default_Normal.png using Guid(7150f51fa092a5a44a2714c16a5c407d) Importer(815301076,1909f56bfc062723c751e8b465ee728b)  -> (artifact id: '5be66055d2a08b2334e23297af073767') in 0.024903 seconds 
========================================================================
Received Import Request.
  Time since last request: 0.175038 seconds.
  path: Assets/Doors/DoorPackFree/Meshes/Door001/V6/Aferar_13 - Default_Normal.png
  artifactKey: Guid(1ea63be4bbf2e2d4a83451053a7fd5dc) Importer(815301076,1909f56bfc062723c751e8b465ee728b)
Start importing Assets/Doors/DoorPackFree/Meshes/Door001/V6/Aferar_13 - Default_Normal.png using Guid(1ea63be4bbf2e2d4a83451053a7fd5dc) Importer(815301076,1909f56bfc062723c751e8b465ee728b)  -> (artifact id: '6ad7de89df75dff49ed6d79469dfe01a') in 0.041642 seconds 
========================================================================
Received Import Request.
  Time since last request: 0.000021 seconds.
  path: Assets/Doors/DoorPackFree/Meshes/Door001/V4/Aferar_13 - Default_Normal.png
  artifactKey: Guid(25cf6ea2bfee626498726d049b807b00) Importer(815301076,1909f56bfc062723c751e8b465ee728b)
Start importing Assets/Doors/DoorPackFree/Meshes/Door001/V4/Aferar_13 - Default_Normal.png using Guid(25cf6ea2bfee626498726d049b807b00) Importer(815301076,1909f56bfc062723c751e8b465ee728b)  -> (artifact id: '1c419560139ec7caef9d16c9bfef05a7') in 0.034169 seconds 
========================================================================
Received Import Request.
  Time since last request: 0.000025 seconds.
  path: Assets/Doors/DoorPackFree/Meshes/Door001/V4/Aferar_13 - Default_AlbedoTransparency.png
  artifactKey: Guid(2bad03565f7a6864bb97ed2dc7d04dae) Importer(815301076,1909f56bfc062723c751e8b465ee728b)
Start importing Assets/Doors/DoorPackFree/Meshes/Door001/V4/Aferar_13 - Default_AlbedoTransparency.png using Guid(2bad03565f7a6864bb97ed2dc7d04dae) Importer(815301076,1909f56bfc062723c751e8b465ee728b)  -> (artifact id: 'ad7488ef77eda080ac1d403dac11ed4f') in 0.024391 seconds 
========================================================================
Received Import Request.
  Time since last request: 0.167534 seconds.
  path: Assets/Doors/DoorPackFree/Meshes/Door001/V1/Aferar_13 - Default_AlbedoTransparency.png
  artifactKey: Guid(ad1524073e0de5641bbe2930971f427b) Importer(815301076,1909f56bfc062723c751e8b465ee728b)
Start importing Assets/Doors/DoorPackFree/Meshes/Door001/V1/Aferar_13 - Default_AlbedoTransparency.png using Guid(ad1524073e0de5641bbe2930971f427b) Importer(815301076,1909f56bfc062723c751e8b465ee728b)  -> (artifact id: 'bc038720068fb0304d0a0bf9259117a6') in 0.028190 seconds 
========================================================================
Received Import Request.
  Time since last request: 0.000020 seconds.
  path: Assets/Doors/DoorPackFree/Meshes/Video intercom/Textures/V1/Aferar_01 - Default_SpecularSmoothness.png
  artifactKey: Guid(6a642236548117b4ebe108d79a2e96af) Importer(815301076,1909f56bfc062723c751e8b465ee728b)
Start importing Assets/Doors/DoorPackFree/Meshes/Video intercom/Textures/V1/Aferar_01 - Default_SpecularSmoothness.png using Guid(6a642236548117b4ebe108d79a2e96af) Importer(815301076,1909f56bfc062723c751e8b465ee728b)  -> (artifact id: '794cfeeaf2f0ee2cc8210979cbb125fd') in 0.022504 seconds 
========================================================================
Received Import Request.
  Time since last request: 0.194399 seconds.
  path: Packages/com.unity.addressables/Editor/Icons/AddressableAssetsIconY1756Scene.png
  artifactKey: Guid(988ed84773d02644cbc268043bbd8864) Importer(815301076,1909f56bfc062723c751e8b465ee728b)
Start importing Packages/com.unity.addressables/Editor/Icons/AddressableAssetsIconY1756Scene.png using Guid(988ed84773d02644cbc268043bbd8864) Importer(815301076,1909f56bfc062723c751e8b465ee728b)  -> (artifact id: '7b0cb64897e47f7af479db9b99a33014') in 0.018073 seconds 
========================================================================
Received Import Request.
  Time since last request: 0.000033 seconds.
  path: Packages/com.unity.inputsystem/InputSystem/Editor/Icons/Add Binding@4x.png
  artifactKey: Guid(862c5ca31844d4a6d9aa804af982ce65) Importer(815301076,1909f56bfc062723c751e8b465ee728b)
Start importing Packages/com.unity.inputsystem/InputSystem/Editor/Icons/Add Binding@4x.png using Guid(862c5ca31844d4a6d9aa804af982ce65) Importer(815301076,1909f56bfc062723c751e8b465ee728b)  -> (artifact id: '69ab450d48861463dde9496c21cdae36') in 0.010153 seconds 
Editor requested this worker to shutdown with reason: Scaling down because of idle timeout
AssetImportWorker is now disconnected from the server
Process exiting
Exiting without the bug reporter. Application will terminate with return code 0