Using pre-set license
Built from '2021.3/staging' branch; Version is '2021.3.19f1 (c9714fde33b6) revision 13201743'; Using compiler version '192829333'; Build Type 'Release'
OS: 'Windows 11  (10.0.22000) 64bit Core' Language: 'fr' Physical Memory: 31940 MB
BatchMode: 1, IsHumanControllingUs: 0, StartBugReporterOnCrash: 0, Is64bit: 1, IsPro: 1

COMMAND LINE ARGUMENTS:
C:\Program Files\Unity\Hub\Editor\2021.3.19f1\Editor\Unity.exe
-adb2
-batchMode
-noUpm
-name
AssetImportWorker7
-projectPath
C:/Users/nicov/Nicolas-Vial-internship-Autonomyo/AutonomyoProject
-logFile
Logs/AssetImportWorker7.log
-srvPort
64444
Successfully changed project path to: C:/Users/nicov/Nicolas-Vial-internship-Autonomyo/AutonomyoProject
C:/Users/nicov/Nicolas-Vial-internship-Autonomyo/AutonomyoProject
[UnityMemory] Configuration Parameters - Can be set up in boot.config
    "memorysetup-bucket-allocator-granularity=16"
    "memorysetup-bucket-allocator-bucket-count=8"
    "memorysetup-bucket-allocator-block-size=33554432"
    "memorysetup-bucket-allocator-block-count=8"
    "memorysetup-main-allocator-block-size=16777216"
    "memorysetup-thread-allocator-block-size=16777216"
    "memorysetup-gfx-main-allocator-block-size=16777216"
    "memorysetup-gfx-thread-allocator-block-size=16777216"
    "memorysetup-cache-allocator-block-size=4194304"
    "memorysetup-typetree-allocator-block-size=2097152"
    "memorysetup-profiler-bucket-allocator-granularity=16"
    "memorysetup-profiler-bucket-allocator-bucket-count=8"
    "memorysetup-profiler-bucket-allocator-block-size=33554432"
    "memorysetup-profiler-bucket-allocator-block-count=8"
    "memorysetup-profiler-allocator-block-size=16777216"
    "memorysetup-profiler-editor-allocator-block-size=1048576"
    "memorysetup-temp-allocator-size-main=16777216"
    "memorysetup-job-temp-allocator-block-size=2097152"
    "memorysetup-job-temp-allocator-block-size-background=1048576"
    "memorysetup-job-temp-allocator-reduction-small-platforms=262144"
    "memorysetup-temp-allocator-size-background-worker=32768"
    "memorysetup-temp-allocator-size-job-worker=262144"
    "memorysetup-temp-allocator-size-preload-manager=33554432"
    "memorysetup-temp-allocator-size-nav-mesh-worker=65536"
    "memorysetup-temp-allocator-size-audio-worker=65536"
    "memorysetup-temp-allocator-size-cloud-worker=32768"
    "memorysetup-temp-allocator-size-gi-baking-worker=262144"
    "memorysetup-temp-allocator-size-gfx=262144"
Player connection [45460] Host "[IP] 172.27.144.1 [Port] 0 [Flags] 2 [Guid] 4240799443 [EditorId] 4240799443 [Version] 1048832 [Id] WindowsEditor(7,NiwikyLaptop) [Debug] 1 [PackageName] WindowsEditor [ProjectName] Editor" joined multi-casting on [225.0.0.222:54997]...

Player connection [45460] Host "[IP] 172.27.144.1 [Port] 0 [Flags] 2 [Guid] 4240799443 [EditorId] 4240799443 [Version] 1048832 [Id] WindowsEditor(7,NiwikyLaptop) [Debug] 1 [PackageName] WindowsEditor [ProjectName] Editor" joined alternative multi-casting on [225.0.0.222:34997]...

Refreshing native plugins compatible for Editor in 163.55 ms, found 17 plugins.
Preloading 1 native plugins for Editor in 3.93 ms.
Initialize engine version: 2021.3.19f1 (c9714fde33b6)
[Subsystems] Discovering subsystems at path C:/Program Files/Unity/Hub/Editor/2021.3.19f1/Editor/Data/Resources/UnitySubsystems
[Subsystems] Discovering subsystems at path C:/Users/nicov/Nicolas-Vial-internship-Autonomyo/AutonomyoProject/Assets
[Subsystems] No descriptors matched for  examples in Assets/MeshingFeaturePlugin/UnitySubsystemsManifest.json.
[Subsystems] No descriptors matched for  inputs in Assets/MeshingFeaturePlugin/UnitySubsystemsManifest.json.
[Subsystems] No descriptors matched for  displays in Assets/MeshingFeaturePlugin/UnitySubsystemsManifest.json.
[Subsystems] 1 'meshings' descriptors matched in Assets/MeshingFeaturePlugin/UnitySubsystemsManifest.json
GfxDevice: creating device client; threaded=0; jobified=0
Direct3D:
    Version:  Direct3D 11.0 [level 11.1]
    Renderer: NVIDIA GeForce RTX 3060 Laptop GPU (ID=0x2560)
    Vendor:   NVIDIA
    VRAM:     6023 MB
    Driver:   30.0.15.1298
Shader 'Oculus/OVRMRCameraFrameLit': fallback shader 'Alpha-Diffuse' not found
Initialize mono
Mono path[0] = 'C:/Program Files/Unity/Hub/Editor/2021.3.19f1/Editor/Data/Managed'
Mono path[1] = 'C:/Program Files/Unity/Hub/Editor/2021.3.19f1/Editor/Data/MonoBleedingEdge/lib/mono/unityjit-win32'
Mono config path = 'C:/Program Files/Unity/Hub/Editor/2021.3.19f1/Editor/Data/MonoBleedingEdge/etc'
Using monoOptions --debugger-agent=transport=dt_socket,embedding=1,server=y,suspend=n,address=127.0.0.1:56520
Begin MonoManager ReloadAssembly
Registering precompiled unity dll's ...
Register platform support module: C:/Program Files/Unity/Hub/Editor/2021.3.19f1/Editor/Data/PlaybackEngines/WebGLSupport/UnityEditor.WebGL.Extensions.dll
Register platform support module: C:/Program Files/Unity/Hub/Editor/2021.3.19f1/Editor/Data/PlaybackEngines/MacStandaloneSupport/UnityEditor.OSXStandalone.Extensions.dll
Register platform support module: C:/Program Files/Unity/Hub/Editor/2021.3.19f1/Editor/Data/PlaybackEngines/AndroidPlayer/UnityEditor.Android.Extensions.dll
Register platform support module: C:/Program Files/Unity/Hub/Editor/2021.3.19f1/Editor/Data/PlaybackEngines/iOSSupport/UnityEditor.iOS.Extensions.dll
Register platform support module: C:/Program Files/Unity/Hub/Editor/2021.3.19f1/Editor/Data/PlaybackEngines/AppleTVSupport/UnityEditor.AppleTV.Extensions.dll
Register platform support module: C:/Program Files/Unity/Hub/Editor/2021.3.19f1/Editor/Data/PlaybackEngines/WindowsStandaloneSupport/UnityEditor.WindowsStandalone.Extensions.dll
Register platform support module: C:/Program Files/Unity/Hub/Editor/2021.3.19f1/Editor/Data/PlaybackEngines/LinuxStandaloneSupport/UnityEditor.LinuxStandalone.Extensions.dll
Register platform support module: C:/Program Files/Unity/Hub/Editor/2021.3.19f1/Editor/Data/PlaybackEngines/MetroSupport/UnityEditor.UWP.Extensions.dll
Registered in 0.010705 seconds.
Native extension for UWP target not found
Native extension for LinuxStandalone target not found
Native extension for WindowsStandalone target not found
[usbmuxd] Start listen thread
[usbmuxd] Listen thread started
Native extension for AppleTV target not found
[usbmuxd] Start listen thread
[usbmuxd] Listen thread started
Native extension for iOS target not found
Native extension for Android target not found
Android Extension - Scanning For ADB Devices 266 ms
Native extension for OSXStandalone target not found
Native extension for WebGL target not found
Refreshing native plugins compatible for Editor in 118.80 ms, found 17 plugins.
Preloading 1 native plugins for Editor in 0.06 ms.
Mono: successfully reloaded assembly
- Completed reload, in  0.870 seconds
Domain Reload Profiling:
	ReloadAssembly (870ms)
		BeginReloadAssembly (58ms)
			ExecutionOrderSort (0ms)
			DisableScriptedObjects (0ms)
			BackupInstance (0ms)
			ReleaseScriptingObjects (0ms)
			CreateAndSetChildDomain (1ms)
		EndReloadAssembly (721ms)
			LoadAssemblies (58ms)
			RebuildTransferFunctionScriptingTraits (0ms)
			SetupTypeCache (77ms)
			ReleaseScriptCaches (0ms)
			RebuildScriptCaches (25ms)
			SetupLoadedEditorAssemblies (569ms)
				LogAssemblyErrors (0ms)
				InitializePlatformSupportModulesInManaged (349ms)
				SetLoadedEditorAssemblies (0ms)
				RefreshPlugins (119ms)
				BeforeProcessingInitializeOnLoad (1ms)
				ProcessInitializeOnLoadAttributes (67ms)
				ProcessInitializeOnLoadMethodAttributes (32ms)
				AfterProcessingInitializeOnLoad (0ms)
				EditorAssembliesLoaded (0ms)
			ExecutionOrderSort2 (0ms)
			AwakeInstancesAfterBackupRestoration (0ms)
Platform modules already initialized, skipping
Registering precompiled user dll's ...
Registered in 0.013375 seconds.
Begin MonoManager ReloadAssembly
Symbol file LoadedFromMemory doesn't match image C:\Users\nicov\Nicolas-Vial-internship-Autonomyo\AutonomyoProject\Library\PackageCache\com.unity.visualscripting@1.8.0\Editor\VisualScripting.Core\Dependencies\DotNetZip\Unity.VisualScripting.IonicZip.dll
Symbol file LoadedFromMemory doesn't match image C:\Users\nicov\Nicolas-Vial-internship-Autonomyo\AutonomyoProject\Library\PackageCache\com.unity.visualscripting@1.8.0\Editor\VisualScripting.Core\Dependencies\YamlDotNet\Unity.VisualScripting.YamlDotNet.dll
OnLevelWasLoaded was found on WitService
This message has been deprecated and will be removed in a later version of Unity.
Add a delegate to SceneManager.sceneLoaded instead to get notifications after scene loading has completed
Native extension for UWP target not found
Native extension for LinuxStandalone target not found
Native extension for WindowsStandalone target not found
Native extension for AppleTV target not found
Native extension for iOS target not found
Native extension for Android target not found
Native extension for OSXStandalone target not found
Native extension for WebGL target not found
Refreshing native plugins compatible for Editor in 109.34 ms, found 17 plugins.
Preloading 1 native plugins for Editor in 0.07 ms.
Package Manager log level set to [2]
[XR] OculusXRPlugin: registering subsystems
[XR] Unable to register display lifecyle provider: [1]
[XR] Oculus Input lifecycle provider registered.
[XR] Unable to register input lifecyle provider: [1]
[XR] OVRP version 1.81.0
Mono: successfully reloaded assembly
- Completed reload, in  1.289 seconds
Domain Reload Profiling:
	ReloadAssembly (1290ms)
		BeginReloadAssembly (89ms)
			ExecutionOrderSort (0ms)
			DisableScriptedObjects (5ms)
			BackupInstance (0ms)
			ReleaseScriptingObjects (0ms)
			CreateAndSetChildDomain (19ms)
		EndReloadAssembly (1112ms)
			LoadAssemblies (92ms)
			RebuildTransferFunctionScriptingTraits (0ms)
			SetupTypeCache (262ms)
			ReleaseScriptCaches (1ms)
			RebuildScriptCaches (79ms)
			SetupLoadedEditorAssemblies (619ms)
				LogAssemblyErrors (0ms)
				InitializePlatformSupportModulesInManaged (28ms)
				SetLoadedEditorAssemblies (0ms)
				RefreshPlugins (109ms)
				BeforeProcessingInitializeOnLoad (107ms)
				ProcessInitializeOnLoadAttributes (343ms)
				ProcessInitializeOnLoadMethodAttributes (25ms)
				AfterProcessingInitializeOnLoad (6ms)
				EditorAssembliesLoaded (0ms)
			ExecutionOrderSort2 (0ms)
			AwakeInstancesAfterBackupRestoration (4ms)
Platform modules already initialized, skipping
========================================================================
Worker process is ready to serve import requests
Shader 'Oculus/OVRMRCameraFrameLit': fallback shader 'Alpha-Diffuse' not found
Launched and connected shader compiler UnityShaderCompiler.exe after 0.05 seconds
Refreshing native plugins compatible for Editor in 1.67 ms, found 17 plugins.
Preloading 1 native plugins for Editor in 0.07 ms.
Unloading 6560 Unused Serialized files (Serialized files now loaded: 0)
Unloading 93 unused Assets / (159.3 KB). Loaded Objects now: 6984.
Memory consumption went from 311.4 MB to 311.2 MB.
Total: 4.683300 ms (FindLiveObjects: 0.552100 ms CreateObjectMapping: 0.474300 ms MarkObjects: 3.434600 ms  DeleteObjects: 0.220700 ms)

AssetImportParameters requested are different than current active one (requested -> active):
  custom:video-decoder-ogg-theora: a1e56fd34408186e4bbccfd4996cb3dc -> 
  custom:container-muxer-webm: aa71ff27fc2769a1b78a27578f13a17b -> 
  custom:container-demuxer-webm: 4f35f7cbe854078d1ac9338744f61a02 -> 
  custom:video-encoder-webm-vp8: eb34c28f22e8b96e1ab97ce403110664 -> 
  custom:video-codec-MediaFoundation-h265: 746d11721c4dcdbdad8f713fa42b33f4 -> 
  custom:audio-encoder-webm-vorbis: bf7c407c2cedff20999df2af8eb42d56 -> 
  custom:framework-win-MediaFoundation: 216162199b28c13a410421893ffa2e32 -> 
  custom:container-demuxer-ogg: 62fdf1f143b41e24485cea50d1cbac27 -> 
  custom:video-decoder-webm-vp8: 9c59270c3fd7afecdb556c50c9e8de78 -> 
  custom:audio-decoder-ogg-vorbis: bf7c407c2cedff20999df2af8eb42d56 -> 
========================================================================
Received Import Request.
  Time since last request: 342603.445215 seconds.
  path: Packages/com.quickvr.quickbase/Runtime/QuickGUI/Resources/Prefabs/pf_QuickKeyboardButton.prefab
  artifactKey: Guid(28212db2198bbc6488eeee9f7f2b67b0) Importer(815301076,1909f56bfc062723c751e8b465ee728b)
Start importing Packages/com.quickvr.quickbase/Runtime/QuickGUI/Resources/Prefabs/pf_QuickKeyboardButton.prefab using Guid(28212db2198bbc6488eeee9f7f2b67b0) Importer(815301076,1909f56bfc062723c751e8b465ee728b)  -> (artifact id: '0759c07538f3b720916b980954a27be5') in 0.095685 seconds 
========================================================================
Received Import Request.
  Time since last request: 0.000030 seconds.
  path: Packages/com.quickvr.quickbase/Runtime/Media/Materials/QuickDiffuseCyan.mat
  artifactKey: Guid(709b280d819c8ab4cb5e1268f6a63ff1) Importer(815301076,1909f56bfc062723c751e8b465ee728b)
Start importing Packages/com.quickvr.quickbase/Runtime/Media/Materials/QuickDiffuseCyan.mat using Guid(709b280d819c8ab4cb5e1268f6a63ff1) Importer(815301076,1909f56bfc062723c751e8b465ee728b)  -> (artifact id: '3807fd77921f241d43a87a8f37b6f68d') in 0.125180 seconds 
========================================================================
Received Import Request.
  Time since last request: 0.000023 seconds.
  path: Packages/com.quickvr.quickbase/Runtime/Media/Materials/QuickDiffuseMagenta.mat
  artifactKey: Guid(f2701bf884f0a5243b631aaf1d1a7b2a) Importer(815301076,1909f56bfc062723c751e8b465ee728b)
Start importing Packages/com.quickvr.quickbase/Runtime/Media/Materials/QuickDiffuseMagenta.mat using Guid(f2701bf884f0a5243b631aaf1d1a7b2a) Importer(815301076,1909f56bfc062723c751e8b465ee728b)  -> (artifact id: 'acf15da056c7213e5241151ba6ad879a') in 0.016417 seconds 
========================================================================
Received Import Request.
  Time since last request: 0.000029 seconds.
  path: Packages/com.quickvr.quickbase/Runtime/Media/Materials/QuickDiffuseBlack.mat
  artifactKey: Guid(990884b5c56bde943b3da924e613da65) Importer(815301076,1909f56bfc062723c751e8b465ee728b)
Start importing Packages/com.quickvr.quickbase/Runtime/Media/Materials/QuickDiffuseBlack.mat using Guid(990884b5c56bde943b3da924e613da65) Importer(815301076,1909f56bfc062723c751e8b465ee728b)  -> (artifact id: 'ce36ce2b94aafc06509ff8482d405f9a') in 0.008727 seconds 
========================================================================
Received Import Request.
  Time since last request: 0.000020 seconds.
  path: Packages/com.quickvr.quickbase/Runtime/QuickInteraction/Resources/QuickDefaultInputActions.inputactions
  artifactKey: Guid(6b0215fdc8876ae4ebe197eabcd234bc) Importer(815301076,1909f56bfc062723c751e8b465ee728b)
Start importing Packages/com.quickvr.quickbase/Runtime/QuickInteraction/Resources/QuickDefaultInputActions.inputactions using Guid(6b0215fdc8876ae4ebe197eabcd234bc) Importer(815301076,1909f56bfc062723c751e8b465ee728b)  -> (artifact id: 'e39a0d5ee8fdd789915489cf0382aa4b') in 0.008713 seconds 
========================================================================
Received Import Request.
  Time since last request: 0.847754 seconds.
  path: Packages/com.quickvr.quickbase/Editor/Unity.QuickVR.QuickBase.Editor.asmdef
  artifactKey: Guid(59dcb399bd2a87448bfdb86f088a2fc4) Importer(815301076,1909f56bfc062723c751e8b465ee728b)
Start importing Packages/com.quickvr.quickbase/Editor/Unity.QuickVR.QuickBase.Editor.asmdef using Guid(59dcb399bd2a87448bfdb86f088a2fc4) Importer(815301076,1909f56bfc062723c751e8b465ee728b)  -> (artifact id: '116bc73a8ce42a4382c80d46d6585193') in 0.004124 seconds 
========================================================================
Received Import Request.
  Time since last request: 0.000028 seconds.
  path: Assets/com.quickvr.quickovr/Editor/Unity.QuickVR.QuickOVRHandTrackingEditor.asmdef
  artifactKey: Guid(d63c81d7cc828f64e8ec4972245cd1fa) Importer(815301076,1909f56bfc062723c751e8b465ee728b)
Start importing Assets/com.quickvr.quickovr/Editor/Unity.QuickVR.QuickOVRHandTrackingEditor.asmdef using Guid(d63c81d7cc828f64e8ec4972245cd1fa) Importer(815301076,1909f56bfc062723c751e8b465ee728b)  -> (artifact id: '0e826e4593997bcf7db06aa101804d79') in 0.002266 seconds 
Editor requested this worker to shutdown with reason: Scaling down because of idle timeout
AssetImportWorker is now disconnected from the server
Process exiting
Exiting without the bug reporter. Application will terminate with return code 0